<?xml version="1.0" encoding="UTF-8"?>
<coverage generated="1773956248148" clover="3.2.0">
  <project timestamp="1773956248148" name="All files">
    <metrics statements="187" coveredstatements="125" conditionals="486" coveredconditionals="302" methods="143" coveredmethods="84" elements="816" coveredelements="511" complexity="0" loc="187" ncloc="187" packages="5" files="14" classes="14"/>
    <package name="components">
      <metrics statements="17" coveredstatements="17" conditionals="82" coveredconditionals="50" methods="9" coveredmethods="9"/>
      <file name="BookCard.tsx" path="/Users/jushita/git/myBookClub/my-book-club-ui/components/BookCard.tsx">
        <metrics statements="12" coveredstatements="12" conditionals="53" coveredconditionals="29" methods="7" coveredmethods="7"/>
        <line num="31" count="2" type="stmt"/>
        <line num="32" count="2" type="cond" truecount="1" falsecount="5"/>
        <line num="33" count="2" type="cond" truecount="1" falsecount="1"/>
        <line num="34" count="2" type="stmt"/>
        <line num="38" count="4" type="cond" truecount="1" falsecount="1"/>
        <line num="41" count="2" type="stmt"/>
        <line num="46" count="2" type="cond" truecount="3" falsecount="1"/>
        <line num="88" count="1" type="cond" truecount="1" falsecount="1"/>
        <line num="98" count="1" type="cond" truecount="1" falsecount="1"/>
        <line num="106" count="1" type="cond" truecount="1" falsecount="1"/>
        <line num="114" count="1" type="cond" truecount="1" falsecount="1"/>
        <line num="127" count="1" type="stmt"/>
      </file>
      <file name="BookDetailsModal.tsx" path="/Users/jushita/git/myBookClub/my-book-club-ui/components/BookDetailsModal.tsx">
        <metrics statements="5" coveredstatements="5" conditionals="29" coveredconditionals="21" methods="2" coveredmethods="2"/>
        <line num="16" count="2" type="cond" truecount="2" falsecount="0"/>
        <line num="17" count="2" type="cond" truecount="4" falsecount="0"/>
        <line num="18" count="2" type="cond" truecount="2" falsecount="0"/>
        <line num="20" count="2" type="stmt"/>
        <line num="27" count="2" type="cond" truecount="1" falsecount="1"/>
      </file>
    </package>
    <package name="components.common">
      <metrics statements="7" coveredstatements="7" conditionals="16" coveredconditionals="13" methods="7" coveredmethods="7"/>
      <file name="Card.tsx" path="/Users/jushita/git/myBookClub/my-book-club-ui/components/common/Card.tsx">
        <metrics statements="1" coveredstatements="1" conditionals="3" coveredconditionals="3" methods="1" coveredmethods="1"/>
        <line num="11" count="33" type="cond" truecount="2" falsecount="0"/>
      </file>
      <file name="GuestAccessCard.tsx" path="/Users/jushita/git/myBookClub/my-book-club-ui/components/common/GuestAccessCard.tsx">
        <metrics statements="3" coveredstatements="3" conditionals="5" coveredconditionals="3" methods="3" coveredmethods="3"/>
        <line num="21" count="4" type="stmt"/>
        <line num="28" count="4" type="stmt"/>
        <line num="39" count="4" type="stmt"/>
      </file>
      <file name="NavButton.tsx" path="/Users/jushita/git/myBookClub/my-book-club-ui/components/common/NavButton.tsx">
        <metrics statements="2" coveredstatements="2" conditionals="8" coveredconditionals="7" methods="2" coveredmethods="2"/>
        <line num="13" count="6" type="stmt"/>
        <line num="15" count="6" type="stmt"/>
      </file>
      <file name="Stat.tsx" path="/Users/jushita/git/myBookClub/my-book-club-ui/components/common/Stat.tsx">
        <metrics statements="1" coveredstatements="1" conditionals="0" coveredconditionals="0" methods="1" coveredmethods="1"/>
        <line num="11" count="7" type="stmt"/>
      </file>
    </package>
    <package name="components.layout">
      <metrics statements="1" coveredstatements="1" conditionals="4" coveredconditionals="4" methods="1" coveredmethods="1"/>
      <file name="AppHeader.tsx" path="/Users/jushita/git/myBookClub/my-book-club-ui/components/layout/AppHeader.tsx">
        <metrics statements="1" coveredstatements="1" conditionals="4" coveredconditionals="4" methods="1" coveredmethods="1"/>
        <line num="12" count="2" type="stmt"/>
      </file>
    </package>
    <package name="components.navigation">
      <metrics statements="6" coveredstatements="5" conditionals="12" coveredconditionals="6" methods="6" coveredmethods="5"/>
      <file name="AppNavigator.tsx" path="/Users/jushita/git/myBookClub/my-book-club-ui/components/navigation/AppNavigator.tsx">
        <metrics statements="6" coveredstatements="5" conditionals="12" coveredconditionals="6" methods="6" coveredmethods="5"/>
        <line num="26" count="1" type="stmt"/>
        <line num="38" count="1" type="stmt"/>
        <line num="39" count="1" type="stmt"/>
        <line num="40" count="0" type="stmt"/>
        <line num="41" count="1" type="stmt"/>
        <line num="42" count="1" type="stmt"/>
      </file>
    </package>
    <package name="components.screens">
      <metrics statements="156" coveredstatements="95" conditionals="372" coveredconditionals="229" methods="120" coveredmethods="62"/>
      <file name="ClubsScreen.tsx" path="/Users/jushita/git/myBookClub/my-book-club-ui/components/screens/ClubsScreen.tsx">
        <metrics statements="28" coveredstatements="25" conditionals="118" coveredconditionals="64" methods="23" coveredmethods="20"/>
        <line num="16" count="4" type="stmt"/>
        <line num="17" count="4" type="stmt"/>
        <line num="18" count="4" type="stmt"/>
        <line num="19" count="4" type="cond" truecount="1" falsecount="1"/>
        <line num="24" count="4" type="cond" truecount="1" falsecount="1"/>
        <line num="26" count="4" type="stmt"/>
        <line num="67" count="1" type="stmt"/>
        <line num="80" count="1" type="stmt"/>
        <line num="109" count="1" type="stmt"/>
        <line num="111" count="1" type="stmt"/>
        <line num="116" count="1" type="stmt"/>
        <line num="133" count="1" type="stmt"/>
        <line num="142" count="1" type="stmt"/>
        <line num="155" count="1" type="stmt"/>
        <line num="175" count="1" type="cond" truecount="1" falsecount="1"/>
        <line num="187" count="0" type="stmt"/>
        <line num="189" count="0" type="stmt"/>
        <line num="194" count="0" type="stmt"/>
        <line num="223" count="1" type="stmt"/>
        <line num="242" count="1" type="stmt"/>
        <line num="269" count="1" type="stmt"/>
        <line num="285" count="1" type="stmt"/>
        <line num="320" count="3" type="stmt"/>
        <line num="342" count="1" type="stmt"/>
        <line num="354" count="1" type="stmt"/>
        <line num="370" count="1" type="stmt"/>
        <line num="381" count="1" type="stmt"/>
        <line num="394" count="1" type="stmt"/>
      </file>
      <file name="HomeScreen.tsx" path="/Users/jushita/git/myBookClub/my-book-club-ui/components/screens/HomeScreen.tsx">
        <metrics statements="23" coveredstatements="10" conditionals="34" coveredconditionals="20" methods="16" coveredmethods="5"/>
        <line num="19" count="2" type="stmt"/>
        <line num="20" count="2" type="stmt"/>
        <line num="21" count="2" type="stmt"/>
        <line num="22" count="2" type="stmt"/>
        <line num="24" count="2" type="stmt"/>
        <line num="25" count="0" type="stmt"/>
        <line num="26" count="0" type="stmt"/>
        <line num="27" count="0" type="stmt"/>
        <line num="29" count="0" type="stmt"/>
        <line num="32" count="0" type="stmt"/>
        <line num="36" count="2" type="stmt"/>
        <line num="70" count="0" type="stmt"/>
        <line num="73" count="0" type="stmt"/>
        <line num="74" count="0" type="stmt"/>
        <line num="95" count="1" type="stmt"/>
        <line num="99" count="0" type="stmt"/>
        <line num="102" count="0" type="stmt"/>
        <line num="103" count="0" type="stmt"/>
        <line num="132" count="1" type="stmt"/>
        <line num="152" count="1" type="stmt"/>
        <line num="163" count="1" type="stmt"/>
        <line num="215" count="0" type="stmt"/>
        <line num="228" count="0" type="stmt"/>
      </file>
      <file name="LibraryScreen.tsx" path="/Users/jushita/git/myBookClub/my-book-club-ui/components/screens/LibraryScreen.tsx">
        <metrics statements="38" coveredstatements="20" conditionals="72" coveredconditionals="55" methods="28" coveredmethods="9"/>
        <line num="18" count="4" type="stmt"/>
        <line num="19" count="4" type="stmt"/>
        <line num="20" count="4" type="stmt"/>
        <line num="21" count="4" type="stmt"/>
        <line num="22" count="4" type="stmt"/>
        <line num="24" count="4" type="stmt"/>
        <line num="25" count="4" type="cond" truecount="2" falsecount="0"/>
        <line num="26" count="2" type="stmt"/>
        <line num="29" count="2" type="cond" truecount="2" falsecount="0"/>
        <line num="30" count="1" type="stmt"/>
        <line num="33" count="1" type="stmt"/>
        <line num="36" count="4" type="stmt"/>
        <line num="37" count="0" type="stmt"/>
        <line num="38" count="0" type="stmt"/>
        <line num="39" count="0" type="stmt"/>
        <line num="41" count="0" type="stmt"/>
        <line num="44" count="0" type="stmt"/>
        <line num="48" count="4" type="stmt"/>
        <line num="60" count="0" type="stmt"/>
        <line num="63" count="0" type="stmt"/>
        <line num="64" count="0" type="stmt"/>
        <line num="69" count="0" type="stmt"/>
        <line num="70" count="0" type="stmt"/>
        <line num="78" count="3" type="stmt"/>
        <line num="83" count="0" type="stmt"/>
        <line num="88" count="3" type="stmt"/>
        <line num="93" count="1" type="stmt"/>
        <line num="98" count="3" type="stmt"/>
        <line num="103" count="1" type="stmt"/>
        <line num="122" count="3" type="stmt"/>
        <line num="125" count="0" type="stmt"/>
        <line num="130" count="0" type="stmt"/>
        <line num="143" count="0" type="stmt"/>
        <line num="146" count="0" type="stmt"/>
        <line num="149" count="0" type="stmt"/>
        <line num="155" count="0" type="stmt"/>
        <line num="176" count="1" type="stmt"/>
        <line num="180" count="0" type="stmt"/>
      </file>
      <file name="PickNextScreen.tsx" path="/Users/jushita/git/myBookClub/my-book-club-ui/components/screens/PickNextScreen.tsx">
        <metrics statements="47" coveredstatements="28" conditionals="94" coveredconditionals="55" methods="38" coveredmethods="21"/>
        <line num="21" count="3" type="stmt"/>
        <line num="22" count="3" type="stmt"/>
        <line num="23" count="3" type="stmt"/>
        <line num="24" count="3" type="stmt"/>
        <line num="25" count="2" type="stmt"/>
        <line num="26" count="3" type="cond" truecount="2" falsecount="0"/>
        <line num="30" count="3" type="stmt"/>
        <line num="31" count="1" type="stmt"/>
        <line num="50" count="1" type="stmt"/>
        <line num="56" count="0" type="stmt"/>
        <line num="61" count="1" type="stmt"/>
        <line num="67" count="0" type="stmt"/>
        <line num="72" count="0" type="stmt"/>
        <line num="87" count="3" type="stmt"/>
        <line num="88" count="0" type="stmt"/>
        <line num="89" count="0" type="stmt"/>
        <line num="90" count="0" type="stmt"/>
        <line num="92" count="0" type="stmt"/>
        <line num="95" count="0" type="stmt"/>
        <line num="99" count="3" type="stmt"/>
        <line num="109" count="9" type="stmt"/>
        <line num="111" count="9" type="stmt"/>
        <line num="116" count="2" type="stmt"/>
        <line num="137" count="1" type="stmt"/>
        <line num="144" count="1" type="stmt"/>
        <line num="182" count="1" type="stmt"/>
        <line num="197" count="1" type="stmt"/>
        <line num="199" count="1" type="stmt"/>
        <line num="204" count="1" type="stmt"/>
        <line num="228" count="0" type="stmt"/>
        <line num="237" count="0" type="stmt"/>
        <line num="239" count="0" type="stmt"/>
        <line num="260" count="0" type="stmt"/>
        <line num="262" count="0" type="stmt"/>
        <line num="288" count="3" type="stmt"/>
        <line num="320" count="2" type="stmt"/>
        <line num="322" count="2" type="cond" truecount="1" falsecount="1"/>
        <line num="323" count="1" type="stmt"/>
        <line num="332" count="1" type="stmt"/>
        <line num="349" count="0" type="stmt"/>
        <line num="352" count="0" type="cond" truecount="0" falsecount="2"/>
        <line num="353" count="0" type="stmt"/>
        <line num="358" count="0" type="stmt"/>
        <line num="359" count="0" type="stmt"/>
        <line num="383" count="1" type="stmt"/>
        <line num="405" count="1" type="stmt"/>
        <line num="417" count="0" type="stmt"/>
      </file>
      <file name="ProfileScreen.tsx" path="/Users/jushita/git/myBookClub/my-book-club-ui/components/screens/ProfileScreen.tsx">
        <metrics statements="5" coveredstatements="4" conditionals="24" coveredconditionals="14" methods="3" coveredmethods="2"/>
        <line num="14" count="2" type="cond" truecount="2" falsecount="0"/>
        <line num="15" count="1" type="stmt"/>
        <line num="40" count="1" type="stmt"/>
        <line num="65" count="1" type="stmt"/>
        <line num="73" count="0" type="stmt"/>
      </file>
      <file name="SearchScreen.tsx" path="/Users/jushita/git/myBookClub/my-book-club-ui/components/screens/SearchScreen.tsx">
        <metrics statements="15" coveredstatements="8" conditionals="30" coveredconditionals="21" methods="12" coveredmethods="5"/>
        <line num="10" count="0" type="stmt"/>
        <line num="19" count="2" type="stmt"/>
        <line num="20" count="2" type="cond" truecount="2" falsecount="0"/>
        <line num="24" count="2" type="cond" truecount="2" falsecount="0"/>
        <line num="29" count="2" type="stmt"/>
        <line num="44" count="2" type="stmt"/>
        <line num="46" count="2" type="stmt"/>
        <line num="51" count="1" type="stmt"/>
        <line num="77" count="1" type="stmt"/>
        <line num="94" count="0" type="stmt"/>
        <line num="95" count="0" type="stmt"/>
        <line num="100" count="0" type="stmt"/>
        <line num="101" count="0" type="stmt"/>
        <line num="106" count="0" type="cond" truecount="0" falsecount="2"/>
        <line num="107" count="0" type="stmt"/>
      </file>
    </package>
  </project>
</coverage>
