{"/Users/jushita/git/myBookClub/my-book-club-ui/components/BookCard.tsx": {"path":"/Users/jushita/git/myBookClub/my-book-club-ui/components/BookCard.tsx","statementMap":{"0":{"start":{"line":31,"column":24},"end":{"line":31,"column":45}},"1":{"start":{"line":32,"column":22},"end":{"line":32,"column":114}},"2":{"start":{"line":33,"column":21},"end":{"line":33,"column":45}},"3":{"start":{"line":34,"column":24},"end":{"line":39,"column":13}},"4":{"start":{"line":38,"column":19},"end":{"line":38,"column":47}},"5":{"start":{"line":41,"column":2},"end":{"line":124,"column":4}},"6":{"start":{"line":46,"column":32},"end":{"line":46,"column":117}},"7":{"start":{"line":88,"column":40},"end":{"line":88,"column":108}},"8":{"start":{"line":98,"column":40},"end":{"line":98,"column":124}},"9":{"start":{"line":106,"column":40},"end":{"line":106,"column":124}},"10":{"start":{"line":114,"column":40},"end":{"line":114,"column":106}},"11":{"start":{"line":127,"column":15},"end":{"line":333,"column":2}}},"fnMap":{"0":{"name":"BookCard","decl":{"start":{"line":19,"column":16},"end":{"line":19,"column":24}},"loc":{"start":{"line":30,"column":10},"end":{"line":125,"column":1}},"line":30},"1":{"name":"(anonymous_1)","decl":{"start":{"line":38,"column":9},"end":{"line":38,"column":10}},"loc":{"start":{"line":38,"column":19},"end":{"line":38,"column":47}},"line":38},"2":{"name":"(anonymous_2)","decl":{"start":{"line":46,"column":15},"end":{"line":46,"column":16}},"loc":{"start":{"line":46,"column":32},"end":{"line":46,"column":117}},"line":46},"3":{"name":"(anonymous_3)","decl":{"start":{"line":88,"column":23},"end":{"line":88,"column":24}},"loc":{"start":{"line":88,"column":40},"end":{"line":88,"column":108}},"line":88},"4":{"name":"(anonymous_4)","decl":{"start":{"line":98,"column":23},"end":{"line":98,"column":24}},"loc":{"start":{"line":98,"column":40},"end":{"line":98,"column":124}},"line":98},"5":{"name":"(anonymous_5)","decl":{"start":{"line":106,"column":23},"end":{"line":106,"column":24}},"loc":{"start":{"line":106,"column":40},"end":{"line":106,"column":124}},"line":106},"6":{"name":"(anonymous_6)","decl":{"start":{"line":114,"column":23},"end":{"line":114,"column":24}},"loc":{"start":{"line":114,"column":40},"end":{"line":114,"column":106}},"line":114}},"branchMap":{"0":{"loc":{"start":{"line":21,"column":2},"end":{"line":21,"column":24}},"type":"default-arg","locations":[{"start":{"line":21,"column":19},"end":{"line":21,"column":24}}],"line":21},"1":{"loc":{"start":{"line":32,"column":22},"end":{"line":32,"column":114}},"type":"binary-expr","locations":[{"start":{"line":32,"column":22},"end":{"line":32,"column":38}},{"start":{"line":32,"column":43},"end":{"line":32,"column":113}}],"line":32},"2":{"loc":{"start":{"line":32,"column":43},"end":{"line":32,"column":113}},"type":"cond-expr","locations":[{"start":{"line":32,"column":85},"end":{"line":32,"column":101}},{"start":{"line":32,"column":104},"end":{"line":32,"column":113}}],"line":32},"3":{"loc":{"start":{"line":32,"column":43},"end":{"line":32,"column":82}},"type":"binary-expr","locations":[{"start":{"line":32,"column":43},"end":{"line":32,"column":57}},{"start":{"line":32,"column":61},"end":{"line":32,"column":82}}],"line":32},"4":{"loc":{"start":{"line":33,"column":21},"end":{"line":33,"column":45}},"type":"binary-expr","locations":[{"start":{"line":33,"column":21},"end":{"line":33,"column":39}},{"start":{"line":33,"column":43},"end":{"line":33,"column":45}}],"line":33},"5":{"loc":{"start":{"line":38,"column":19},"end":{"line":38,"column":47}},"type":"binary-expr","locations":[{"start":{"line":38,"column":19},"end":{"line":38,"column":41}},{"start":{"line":38,"column":45},"end":{"line":38,"column":47}}],"line":38},"6":{"loc":{"start":{"line":46,"column":58},"end":{"line":46,"column":116}},"type":"cond-expr","locations":[{"start":{"line":46,"column":79},"end":{"line":46,"column":109}},{"start":{"line":46,"column":112},"end":{"line":46,"column":116}}],"line":46},"7":{"loc":{"start":{"line":46,"column":58},"end":{"line":46,"column":76}},"type":"binary-expr","locations":[{"start":{"line":46,"column":58},"end":{"line":46,"column":65}},{"start":{"line":46,"column":69},"end":{"line":46,"column":76}}],"line":46},"8":{"loc":{"start":{"line":49,"column":11},"end":{"line":62,"column":11}},"type":"cond-expr","locations":[{"start":{"line":50,"column":12},"end":{"line":50,"column":79}},{"start":{"line":52,"column":12},"end":{"line":61,"column":19}}],"line":49},"9":{"loc":{"start":{"line":54,"column":61},"end":{"line":54,"column":82}},"type":"binary-expr","locations":[{"start":{"line":54,"column":61},"end":{"line":54,"column":74}},{"start":{"line":54,"column":78},"end":{"line":54,"column":82}}],"line":54},"10":{"loc":{"start":{"line":56,"column":17},"end":{"line":56,"column":37}},"type":"binary-expr","locations":[{"start":{"line":56,"column":17},"end":{"line":56,"column":27}},{"start":{"line":56,"column":31},"end":{"line":56,"column":37}}],"line":56},"11":{"loc":{"start":{"line":68,"column":13},"end":{"line":74,"column":20}},"type":"cond-expr","locations":[{"start":{"line":69,"column":14},"end":{"line":73,"column":21}},{"start":{"line":74,"column":16},"end":{"line":74,"column":20}}],"line":68},"12":{"loc":{"start":{"line":81,"column":7},"end":{"line":122,"column":14}},"type":"cond-expr","locations":[{"start":{"line":84,"column":8},"end":{"line":121,"column":15}},{"start":{"line":122,"column":10},"end":{"line":122,"column":14}}],"line":81},"13":{"loc":{"start":{"line":81,"column":8},"end":{"line":83,"column":54}},"type":"binary-expr","locations":[{"start":{"line":81,"column":9},"end":{"line":81,"column":20}},{"start":{"line":81,"column":24},"end":{"line":81,"column":37}},{"start":{"line":82,"column":9},"end":{"line":82,"column":29}},{"start":{"line":82,"column":33},"end":{"line":82,"column":55}},{"start":{"line":83,"column":9},"end":{"line":83,"column":28}},{"start":{"line":83,"column":32},"end":{"line":83,"column":53}}],"line":81},"14":{"loc":{"start":{"line":86,"column":13},"end":{"line":93,"column":20}},"type":"cond-expr","locations":[{"start":{"line":87,"column":14},"end":{"line":92,"column":26}},{"start":{"line":93,"column":16},"end":{"line":93,"column":20}}],"line":86},"15":{"loc":{"start":{"line":88,"column":63},"end":{"line":88,"column":107}},"type":"cond-expr","locations":[{"start":{"line":88,"column":73},"end":{"line":88,"column":100}},{"start":{"line":88,"column":103},"end":{"line":88,"column":107}}],"line":88},"16":{"loc":{"start":{"line":96,"column":13},"end":{"line":103,"column":20}},"type":"cond-expr","locations":[{"start":{"line":97,"column":14},"end":{"line":102,"column":26}},{"start":{"line":103,"column":16},"end":{"line":103,"column":20}}],"line":96},"17":{"loc":{"start":{"line":96,"column":13},"end":{"line":96,"column":57}},"type":"binary-expr","locations":[{"start":{"line":96,"column":13},"end":{"line":96,"column":32}},{"start":{"line":96,"column":36},"end":{"line":96,"column":57}}],"line":96},"18":{"loc":{"start":{"line":98,"column":71},"end":{"line":98,"column":123}},"type":"cond-expr","locations":[{"start":{"line":98,"column":81},"end":{"line":98,"column":116}},{"start":{"line":98,"column":119},"end":{"line":98,"column":123}}],"line":98},"19":{"loc":{"start":{"line":104,"column":13},"end":{"line":111,"column":20}},"type":"cond-expr","locations":[{"start":{"line":105,"column":14},"end":{"line":110,"column":26}},{"start":{"line":111,"column":16},"end":{"line":111,"column":20}}],"line":104},"20":{"loc":{"start":{"line":104,"column":13},"end":{"line":104,"column":59}},"type":"binary-expr","locations":[{"start":{"line":104,"column":13},"end":{"line":104,"column":33}},{"start":{"line":104,"column":37},"end":{"line":104,"column":59}}],"line":104},"21":{"loc":{"start":{"line":106,"column":71},"end":{"line":106,"column":123}},"type":"cond-expr","locations":[{"start":{"line":106,"column":81},"end":{"line":106,"column":116}},{"start":{"line":106,"column":119},"end":{"line":106,"column":123}}],"line":106},"22":{"loc":{"start":{"line":112,"column":13},"end":{"line":119,"column":20}},"type":"cond-expr","locations":[{"start":{"line":113,"column":14},"end":{"line":118,"column":26}},{"start":{"line":119,"column":16},"end":{"line":119,"column":20}}],"line":112},"23":{"loc":{"start":{"line":112,"column":13},"end":{"line":112,"column":41}},"type":"binary-expr","locations":[{"start":{"line":112,"column":13},"end":{"line":112,"column":24}},{"start":{"line":112,"column":28},"end":{"line":112,"column":41}}],"line":112},"24":{"loc":{"start":{"line":114,"column":62},"end":{"line":114,"column":105}},"type":"cond-expr","locations":[{"start":{"line":114,"column":72},"end":{"line":114,"column":98}},{"start":{"line":114,"column":101},"end":{"line":114,"column":105}}],"line":114}},"s":{"0":2,"1":2,"2":2,"3":2,"4":4,"5":2,"6":2,"7":1,"8":1,"9":1,"10":1,"11":1},"f":{"0":2,"1":4,"2":2,"3":1,"4":1,"5":1,"6":1},"b":{"0":[2],"1":[2,0],"2":[0,0],"3":[0,0],"4":[2,0],"5":[4,0],"6":[0,2],"7":[2,1],"8":[2,0],"9":[0,0],"10":[0,0],"11":[2,0],"12":[1,1],"13":[2,1,1,0,1,0],"14":[1,0],"15":[0,1],"16":[1,0],"17":[1,1],"18":[0,1],"19":[1,0],"20":[1,1],"21":[0,1],"22":[1,0],"23":[1,1],"24":[0,1]},"_coverageSchema":"1a1c01bbd47fc00a2c39e90264f33305004495a9","hash":"05fafc36e0c14376b5d51e6006feff4e62c63325"}
,"/Users/jushita/git/myBookClub/my-book-club-ui/components/BookDetailsModal.tsx": {"path":"/Users/jushita/git/myBookClub/my-book-club-ui/components/BookDetailsModal.tsx","statementMap":{"0":{"start":{"line":16,"column":24},"end":{"line":16,"column":59}},"1":{"start":{"line":17,"column":19},"end":{"line":17,"column":95}},"2":{"start":{"line":18,"column":21},"end":{"line":18,"column":102}},"3":{"start":{"line":20,"column":2},"end":{"line":77,"column":4}},"4":{"start":{"line":27,"column":38},"end":{"line":27,"column":123}}},"fnMap":{"0":{"name":"BookDetailsModal","decl":{"start":{"line":15,"column":16},"end":{"line":15,"column":32}},"loc":{"start":{"line":15,"column":85},"end":{"line":78,"column":1}},"line":15},"1":{"name":"(anonymous_1)","decl":{"start":{"line":27,"column":21},"end":{"line":27,"column":22}},"loc":{"start":{"line":27,"column":38},"end":{"line":27,"column":123}},"line":27}},"branchMap":{"0":{"loc":{"start":{"line":15,"column":50},"end":{"line":15,"column":65}},"type":"default-arg","locations":[{"start":{"line":15,"column":60},"end":{"line":15,"column":65}}],"line":15},"1":{"loc":{"start":{"line":16,"column":24},"end":{"line":16,"column":59}},"type":"cond-expr","locations":[{"start":{"line":16,"column":31},"end":{"line":16,"column":52}},{"start":{"line":16,"column":55},"end":{"line":16,"column":59}}],"line":16},"2":{"loc":{"start":{"line":17,"column":19},"end":{"line":17,"column":95}},"type":"binary-expr","locations":[{"start":{"line":17,"column":19},"end":{"line":17,"column":33}},{"start":{"line":17,"column":37},"end":{"line":17,"column":54}},{"start":{"line":17,"column":58},"end":{"line":17,"column":68}},{"start":{"line":17,"column":72},"end":{"line":17,"column":95}}],"line":17},"3":{"loc":{"start":{"line":18,"column":21},"end":{"line":18,"column":102}},"type":"binary-expr","locations":[{"start":{"line":18,"column":21},"end":{"line":18,"column":60}},{"start":{"line":18,"column":64},"end":{"line":18,"column":102}}],"line":18},"4":{"loc":{"start":{"line":27,"column":73},"end":{"line":27,"column":122}},"type":"cond-expr","locations":[{"start":{"line":27,"column":83},"end":{"line":27,"column":115}},{"start":{"line":27,"column":118},"end":{"line":27,"column":122}}],"line":27},"5":{"loc":{"start":{"line":34,"column":11},"end":{"line":73,"column":18}},"type":"cond-expr","locations":[{"start":{"line":35,"column":12},"end":{"line":41,"column":19}},{"start":{"line":42,"column":14},"end":{"line":73,"column":18}}],"line":34},"6":{"loc":{"start":{"line":42,"column":14},"end":{"line":73,"column":18}},"type":"cond-expr","locations":[{"start":{"line":43,"column":12},"end":{"line":72,"column":25}},{"start":{"line":73,"column":14},"end":{"line":73,"column":18}}],"line":42},"7":{"loc":{"start":{"line":46,"column":19},"end":{"line":52,"column":19}},"type":"cond-expr","locations":[{"start":{"line":47,"column":20},"end":{"line":47,"column":101}},{"start":{"line":49,"column":20},"end":{"line":51,"column":27}}],"line":46},"8":{"loc":{"start":{"line":56,"column":21},"end":{"line":56,"column":95}},"type":"cond-expr","locations":[{"start":{"line":56,"column":34},"end":{"line":56,"column":88}},{"start":{"line":56,"column":91},"end":{"line":56,"column":95}}],"line":56},"9":{"loc":{"start":{"line":57,"column":21},"end":{"line":63,"column":28}},"type":"cond-expr","locations":[{"start":{"line":58,"column":22},"end":{"line":62,"column":29}},{"start":{"line":63,"column":24},"end":{"line":63,"column":28}}],"line":57},"10":{"loc":{"start":{"line":59,"column":25},"end":{"line":59,"column":112}},"type":"cond-expr","locations":[{"start":{"line":59,"column":66},"end":{"line":59,"column":107}},{"start":{"line":59,"column":110},"end":{"line":59,"column":112}}],"line":59},"11":{"loc":{"start":{"line":60,"column":25},"end":{"line":60,"column":117}},"type":"cond-expr","locations":[{"start":{"line":60,"column":107},"end":{"line":60,"column":112}},{"start":{"line":60,"column":115},"end":{"line":60,"column":117}}],"line":60},"12":{"loc":{"start":{"line":60,"column":25},"end":{"line":60,"column":104}},"type":"binary-expr","locations":[{"start":{"line":60,"column":25},"end":{"line":60,"column":63}},{"start":{"line":60,"column":67},"end":{"line":60,"column":104}}],"line":60},"13":{"loc":{"start":{"line":61,"column":25},"end":{"line":61,"column":117}},"type":"cond-expr","locations":[{"start":{"line":61,"column":65},"end":{"line":61,"column":112}},{"start":{"line":61,"column":115},"end":{"line":61,"column":117}}],"line":61}},"s":{"0":2,"1":2,"2":2,"3":2,"4":2},"f":{"0":2,"1":2},"b":{"0":[1],"1":[1,1],"2":[2,1,1,1],"3":[2,1],"4":[0,2],"5":[1,1],"6":[1,0],"7":[1,0],"8":[1,0],"9":[1,0],"10":[1,0],"11":[1,0],"12":[1,1],"13":[1,0]},"_coverageSchema":"1a1c01bbd47fc00a2c39e90264f33305004495a9","hash":"b298eca22497d8f23fc5f627542590ef3ffb7d4e"}
,"/Users/jushita/git/myBookClub/my-book-club-ui/components/common/Card.tsx": {"path":"/Users/jushita/git/myBookClub/my-book-club-ui/components/common/Card.tsx","statementMap":{"0":{"start":{"line":11,"column":2},"end":{"line":11,"column":96}}},"fnMap":{"0":{"name":"Card","decl":{"start":{"line":10,"column":16},"end":{"line":10,"column":20}},"loc":{"start":{"line":10,"column":62},"end":{"line":12,"column":1}},"line":10}},"branchMap":{"0":{"loc":{"start":{"line":10,"column":33},"end":{"line":10,"column":47}},"type":"default-arg","locations":[{"start":{"line":10,"column":42},"end":{"line":10,"column":47}}],"line":10},"1":{"loc":{"start":{"line":11,"column":39},"end":{"line":11,"column":75}},"type":"cond-expr","locations":[{"start":{"line":11,"column":48},"end":{"line":11,"column":68}},{"start":{"line":11,"column":71},"end":{"line":11,"column":75}}],"line":11}},"s":{"0":33},"f":{"0":33},"b":{"0":[16],"1":[17,16]},"_coverageSchema":"1a1c01bbd47fc00a2c39e90264f33305004495a9","hash":"6eec813d9c4639038acc4540d83a8924e6b7c2b8"}
,"/Users/jushita/git/myBookClub/my-book-club-ui/components/common/GuestAccessCard.tsx": {"path":"/Users/jushita/git/myBookClub/my-book-club-ui/components/common/GuestAccessCard.tsx","statementMap":{"0":{"start":{"line":21,"column":2},"end":{"line":50,"column":4}},"1":{"start":{"line":28,"column":34},"end":{"line":33,"column":11}},"2":{"start":{"line":39,"column":34},"end":{"line":43,"column":11}}},"fnMap":{"0":{"name":"GuestAccessCard","decl":{"start":{"line":14,"column":16},"end":{"line":14,"column":31}},"loc":{"start":{"line":20,"column":25},"end":{"line":51,"column":1}},"line":20},"1":{"name":"(anonymous_1)","decl":{"start":{"line":28,"column":17},"end":{"line":28,"column":18}},"loc":{"start":{"line":28,"column":34},"end":{"line":33,"column":11}},"line":28},"2":{"name":"(anonymous_2)","decl":{"start":{"line":39,"column":17},"end":{"line":39,"column":18}},"loc":{"start":{"line":39,"column":34},"end":{"line":43,"column":11}},"line":39}},"branchMap":{"0":{"loc":{"start":{"line":17,"column":2},"end":{"line":17,"column":30}},"type":"default-arg","locations":[{"start":{"line":17,"column":17},"end":{"line":17,"column":30}}],"line":17},"1":{"loc":{"start":{"line":32,"column":12},"end":{"line":32,"column":59}},"type":"cond-expr","locations":[{"start":{"line":32,"column":22},"end":{"line":32,"column":52}},{"start":{"line":32,"column":55},"end":{"line":32,"column":59}}],"line":32},"2":{"loc":{"start":{"line":42,"column":12},"end":{"line":42,"column":61}},"type":"cond-expr","locations":[{"start":{"line":42,"column":22},"end":{"line":42,"column":54}},{"start":{"line":42,"column":57},"end":{"line":42,"column":61}}],"line":42}},"s":{"0":4,"1":4,"2":4},"f":{"0":4,"1":4,"2":4},"b":{"0":[2],"1":[0,4],"2":[0,4]},"_coverageSchema":"1a1c01bbd47fc00a2c39e90264f33305004495a9","hash":"f775ebb6294997798446f831d16abbac444a115a"}
,"/Users/jushita/git/myBookClub/my-book-club-ui/components/common/NavButton.tsx": {"path":"/Users/jushita/git/myBookClub/my-book-club-ui/components/common/NavButton.tsx","statementMap":{"0":{"start":{"line":13,"column":2},"end":{"line":25,"column":4}},"1":{"start":{"line":15,"column":30},"end":{"line":19,"column":7}}},"fnMap":{"0":{"name":"NavButton","decl":{"start":{"line":12,"column":16},"end":{"line":12,"column":25}},"loc":{"start":{"line":12,"column":76},"end":{"line":26,"column":1}},"line":12},"1":{"name":"(anonymous_1)","decl":{"start":{"line":15,"column":13},"end":{"line":15,"column":14}},"loc":{"start":{"line":15,"column":30},"end":{"line":19,"column":7}},"line":15}},"branchMap":{"0":{"loc":{"start":{"line":17,"column":8},"end":{"line":17,"column":49}},"type":"cond-expr","locations":[{"start":{"line":17,"column":17},"end":{"line":17,"column":42}},{"start":{"line":17,"column":45},"end":{"line":17,"column":49}}],"line":17},"1":{"loc":{"start":{"line":18,"column":8},"end":{"line":18,"column":51}},"type":"cond-expr","locations":[{"start":{"line":18,"column":18},"end":{"line":18,"column":44}},{"start":{"line":18,"column":47},"end":{"line":18,"column":51}}],"line":18},"2":{"loc":{"start":{"line":22,"column":39},"end":{"line":22,"column":78}},"type":"cond-expr","locations":[{"start":{"line":22,"column":48},"end":{"line":22,"column":71}},{"start":{"line":22,"column":74},"end":{"line":22,"column":78}}],"line":22},"3":{"loc":{"start":{"line":23,"column":40},"end":{"line":23,"column":80}},"type":"cond-expr","locations":[{"start":{"line":23,"column":49},"end":{"line":23,"column":73}},{"start":{"line":23,"column":76},"end":{"line":23,"column":80}}],"line":23}},"s":{"0":6,"1":6},"f":{"0":6,"1":6},"b":{"0":[2,4],"1":[0,6],"2":[2,4],"3":[2,4]},"_coverageSchema":"1a1c01bbd47fc00a2c39e90264f33305004495a9","hash":"b0b4c3f2143d7c20b8f5bb3f08585e1d33f1fc72"}
,"/Users/jushita/git/myBookClub/my-book-club-ui/components/common/Stat.tsx": {"path":"/Users/jushita/git/myBookClub/my-book-club-ui/components/common/Stat.tsx","statementMap":{"0":{"start":{"line":11,"column":2},"end":{"line":16,"column":4}}},"fnMap":{"0":{"name":"Stat","decl":{"start":{"line":10,"column":16},"end":{"line":10,"column":20}},"loc":{"start":{"line":10,"column":50},"end":{"line":17,"column":1}},"line":10}},"branchMap":{},"s":{"0":7},"f":{"0":7},"b":{},"_coverageSchema":"1a1c01bbd47fc00a2c39e90264f33305004495a9","hash":"9133cc3c3136e9460ef4dd3ad53d6648d8596aa7"}
,"/Users/jushita/git/myBookClub/my-book-club-ui/components/layout/AppHeader.tsx": {"path":"/Users/jushita/git/myBookClub/my-book-club-ui/components/layout/AppHeader.tsx","statementMap":{"0":{"start":{"line":12,"column":2},"end":{"line":22,"column":4}}},"fnMap":{"0":{"name":"AppHeader","decl":{"start":{"line":11,"column":16},"end":{"line":11,"column":25}},"loc":{"start":{"line":11,"column":71},"end":{"line":23,"column":1}},"line":11}},"branchMap":{"0":{"loc":{"start":{"line":17,"column":11},"end":{"line":17,"column":70}},"type":"cond-expr","locations":[{"start":{"line":17,"column":19},"end":{"line":17,"column":63}},{"start":{"line":17,"column":66},"end":{"line":17,"column":70}}],"line":17},"1":{"loc":{"start":{"line":20,"column":7},"end":{"line":20,"column":75}},"type":"cond-expr","locations":[{"start":{"line":20,"column":18},"end":{"line":20,"column":68}},{"start":{"line":20,"column":71},"end":{"line":20,"column":75}}],"line":20}},"s":{"0":2},"f":{"0":2},"b":{"0":[1,1],"1":[1,1]},"_coverageSchema":"1a1c01bbd47fc00a2c39e90264f33305004495a9","hash":"7da27e5f37ac32ac2f409bd0b5367418e5af0c84"}
,"/Users/jushita/git/myBookClub/my-book-club-ui/components/navigation/AppNavigator.tsx": {"path":"/Users/jushita/git/myBookClub/my-book-club-ui/components/navigation/AppNavigator.tsx","statementMap":{"0":{"start":{"line":26,"column":2},"end":{"line":45,"column":4}},"1":{"start":{"line":38,"column":83},"end":{"line":38,"column":105}},"2":{"start":{"line":39,"column":85},"end":{"line":39,"column":108}},"3":{"start":{"line":40,"column":87},"end":{"line":40,"column":111}},"4":{"start":{"line":41,"column":89},"end":{"line":41,"column":114}},"5":{"start":{"line":42,"column":89},"end":{"line":42,"column":114}}},"fnMap":{"0":{"name":"AppNavigator","decl":{"start":{"line":21,"column":16},"end":{"line":21,"column":28}},"loc":{"start":{"line":25,"column":22},"end":{"line":46,"column":1}},"line":25},"1":{"name":"(anonymous_1)","decl":{"start":{"line":38,"column":77},"end":{"line":38,"column":78}},"loc":{"start":{"line":38,"column":83},"end":{"line":38,"column":105}},"line":38},"2":{"name":"(anonymous_2)","decl":{"start":{"line":39,"column":79},"end":{"line":39,"column":80}},"loc":{"start":{"line":39,"column":85},"end":{"line":39,"column":108}},"line":39},"3":{"name":"(anonymous_3)","decl":{"start":{"line":40,"column":81},"end":{"line":40,"column":82}},"loc":{"start":{"line":40,"column":87},"end":{"line":40,"column":111}},"line":40},"4":{"name":"(anonymous_4)","decl":{"start":{"line":41,"column":83},"end":{"line":41,"column":84}},"loc":{"start":{"line":41,"column":89},"end":{"line":41,"column":114}},"line":41},"5":{"name":"(anonymous_5)","decl":{"start":{"line":42,"column":83},"end":{"line":42,"column":84}},"loc":{"start":{"line":42,"column":89},"end":{"line":42,"column":114}},"line":42}},"branchMap":{"0":{"loc":{"start":{"line":29,"column":9},"end":{"line":29,"column":66}},"type":"cond-expr","locations":[{"start":{"line":29,"column":29},"end":{"line":29,"column":59}},{"start":{"line":29,"column":62},"end":{"line":29,"column":66}}],"line":29},"1":{"loc":{"start":{"line":30,"column":9},"end":{"line":30,"column":69}},"type":"cond-expr","locations":[{"start":{"line":30,"column":30},"end":{"line":30,"column":62}},{"start":{"line":30,"column":65},"end":{"line":30,"column":69}}],"line":30},"2":{"loc":{"start":{"line":31,"column":9},"end":{"line":31,"column":72}},"type":"cond-expr","locations":[{"start":{"line":31,"column":31},"end":{"line":31,"column":65}},{"start":{"line":31,"column":68},"end":{"line":31,"column":72}}],"line":31},"3":{"loc":{"start":{"line":32,"column":9},"end":{"line":32,"column":79}},"type":"cond-expr","locations":[{"start":{"line":32,"column":34},"end":{"line":32,"column":72}},{"start":{"line":32,"column":75},"end":{"line":32,"column":79}}],"line":32},"4":{"loc":{"start":{"line":33,"column":9},"end":{"line":33,"column":75}},"type":"cond-expr","locations":[{"start":{"line":33,"column":32},"end":{"line":33,"column":68}},{"start":{"line":33,"column":71},"end":{"line":33,"column":75}}],"line":33},"5":{"loc":{"start":{"line":34,"column":9},"end":{"line":34,"column":75}},"type":"cond-expr","locations":[{"start":{"line":34,"column":32},"end":{"line":34,"column":68}},{"start":{"line":34,"column":71},"end":{"line":34,"column":75}}],"line":34}},"s":{"0":1,"1":1,"2":1,"3":0,"4":1,"5":1},"f":{"0":1,"1":1,"2":1,"3":0,"4":1,"5":1},"b":{"0":[0,1],"1":[0,1],"2":[1,0],"3":[0,1],"4":[0,1],"5":[0,1]},"_coverageSchema":"1a1c01bbd47fc00a2c39e90264f33305004495a9","hash":"9230eec45d9fd5e9e42afd7d76d68ce1b58e29d1"}
,"/Users/jushita/git/myBookClub/my-book-club-ui/components/screens/ClubsScreen.tsx": {"path":"/Users/jushita/git/myBookClub/my-book-club-ui/components/screens/ClubsScreen.tsx","statementMap":{"0":{"start":{"line":16,"column":23},"end":{"line":16,"column":62}},"1":{"start":{"line":17,"column":21},"end":{"line":17,"column":58}},"2":{"start":{"line":18,"column":19},"end":{"line":18,"column":54}},"3":{"start":{"line":19,"column":22},"end":{"line":23,"column":43}},"4":{"start":{"line":24,"column":30},"end":{"line":24,"column":113}},"5":{"start":{"line":26,"column":2},"end":{"line":410,"column":4}},"6":{"start":{"line":67,"column":42},"end":{"line":73,"column":19}},"7":{"start":{"line":80,"column":42},"end":{"line":84,"column":19}},"8":{"start":{"line":109,"column":20},"end":{"line":124,"column":32}},"9":{"start":{"line":111,"column":46},"end":{"line":115,"column":23}},"10":{"start":{"line":116,"column":37},"end":{"line":116,"column":70}},"11":{"start":{"line":133,"column":22},"end":{"line":135,"column":29}},"12":{"start":{"line":142,"column":42},"end":{"line":148,"column":19}},"13":{"start":{"line":155,"column":42},"end":{"line":159,"column":19}},"14":{"start":{"line":175,"column":38},"end":{"line":175,"column":109}},"15":{"start":{"line":187,"column":18},"end":{"line":202,"column":30}},"16":{"start":{"line":189,"column":44},"end":{"line":193,"column":21}},"17":{"start":{"line":194,"column":35},"end":{"line":194,"column":64}},"18":{"start":{"line":223,"column":44},"end":{"line":227,"column":21}},"19":{"start":{"line":242,"column":40},"end":{"line":247,"column":17}},"20":{"start":{"line":269,"column":20},"end":{"line":274,"column":27}},"21":{"start":{"line":285,"column":38},"end":{"line":289,"column":15}},"22":{"start":{"line":320,"column":18},"end":{"line":325,"column":25}},"23":{"start":{"line":342,"column":18},"end":{"line":344,"column":25}},"24":{"start":{"line":354,"column":16},"end":{"line":356,"column":23}},"25":{"start":{"line":370,"column":42},"end":{"line":375,"column":19}},"26":{"start":{"line":381,"column":42},"end":{"line":386,"column":19}},"27":{"start":{"line":394,"column":42},"end":{"line":398,"column":19}}},"fnMap":{"0":{"name":"ClubsScreen","decl":{"start":{"line":15,"column":16},"end":{"line":15,"column":27}},"loc":{"start":{"line":15,"column":66},"end":{"line":411,"column":1}},"line":15},"1":{"name":"(anonymous_1)","decl":{"start":{"line":67,"column":25},"end":{"line":67,"column":26}},"loc":{"start":{"line":67,"column":42},"end":{"line":73,"column":19}},"line":67},"2":{"name":"(anonymous_2)","decl":{"start":{"line":80,"column":25},"end":{"line":80,"column":26}},"loc":{"start":{"line":80,"column":42},"end":{"line":84,"column":19}},"line":80},"3":{"name":"(anonymous_3)","decl":{"start":{"line":108,"column":54},"end":{"line":108,"column":55}},"loc":{"start":{"line":109,"column":20},"end":{"line":124,"column":32}},"line":109},"4":{"name":"(anonymous_4)","decl":{"start":{"line":111,"column":29},"end":{"line":111,"column":30}},"loc":{"start":{"line":111,"column":46},"end":{"line":115,"column":23}},"line":111},"5":{"name":"(anonymous_5)","decl":{"start":{"line":116,"column":31},"end":{"line":116,"column":32}},"loc":{"start":{"line":116,"column":37},"end":{"line":116,"column":70}},"line":116},"6":{"name":"(anonymous_6)","decl":{"start":{"line":132,"column":55},"end":{"line":132,"column":56}},"loc":{"start":{"line":133,"column":22},"end":{"line":135,"column":29}},"line":133},"7":{"name":"(anonymous_7)","decl":{"start":{"line":142,"column":25},"end":{"line":142,"column":26}},"loc":{"start":{"line":142,"column":42},"end":{"line":148,"column":19}},"line":142},"8":{"name":"(anonymous_8)","decl":{"start":{"line":155,"column":25},"end":{"line":155,"column":26}},"loc":{"start":{"line":155,"column":42},"end":{"line":159,"column":19}},"line":155},"9":{"name":"(anonymous_9)","decl":{"start":{"line":175,"column":21},"end":{"line":175,"column":22}},"loc":{"start":{"line":175,"column":38},"end":{"line":175,"column":109}},"line":175},"10":{"name":"(anonymous_10)","decl":{"start":{"line":186,"column":33},"end":{"line":186,"column":34}},"loc":{"start":{"line":187,"column":18},"end":{"line":202,"column":30}},"line":187},"11":{"name":"(anonymous_11)","decl":{"start":{"line":189,"column":27},"end":{"line":189,"column":28}},"loc":{"start":{"line":189,"column":44},"end":{"line":193,"column":21}},"line":189},"12":{"name":"(anonymous_12)","decl":{"start":{"line":194,"column":29},"end":{"line":194,"column":30}},"loc":{"start":{"line":194,"column":35},"end":{"line":194,"column":64}},"line":194},"13":{"name":"(anonymous_13)","decl":{"start":{"line":223,"column":27},"end":{"line":223,"column":28}},"loc":{"start":{"line":223,"column":44},"end":{"line":227,"column":21}},"line":223},"14":{"name":"(anonymous_14)","decl":{"start":{"line":242,"column":23},"end":{"line":242,"column":24}},"loc":{"start":{"line":242,"column":40},"end":{"line":247,"column":17}},"line":242},"15":{"name":"(anonymous_15)","decl":{"start":{"line":268,"column":49},"end":{"line":268,"column":50}},"loc":{"start":{"line":269,"column":20},"end":{"line":274,"column":27}},"line":269},"16":{"name":"(anonymous_16)","decl":{"start":{"line":285,"column":21},"end":{"line":285,"column":22}},"loc":{"start":{"line":285,"column":38},"end":{"line":289,"column":15}},"line":285},"17":{"name":"(anonymous_17)","decl":{"start":{"line":319,"column":47},"end":{"line":319,"column":48}},"loc":{"start":{"line":320,"column":18},"end":{"line":325,"column":25}},"line":320},"18":{"name":"(anonymous_18)","decl":{"start":{"line":341,"column":53},"end":{"line":341,"column":54}},"loc":{"start":{"line":342,"column":18},"end":{"line":344,"column":25}},"line":342},"19":{"name":"(anonymous_19)","decl":{"start":{"line":353,"column":45},"end":{"line":353,"column":46}},"loc":{"start":{"line":354,"column":16},"end":{"line":356,"column":23}},"line":354},"20":{"name":"(anonymous_20)","decl":{"start":{"line":370,"column":25},"end":{"line":370,"column":26}},"loc":{"start":{"line":370,"column":42},"end":{"line":375,"column":19}},"line":370},"21":{"name":"(anonymous_21)","decl":{"start":{"line":381,"column":25},"end":{"line":381,"column":26}},"loc":{"start":{"line":381,"column":42},"end":{"line":386,"column":19}},"line":381},"22":{"name":"(anonymous_22)","decl":{"start":{"line":394,"column":25},"end":{"line":394,"column":26}},"loc":{"start":{"line":394,"column":42},"end":{"line":398,"column":19}},"line":394}},"branchMap":{"0":{"loc":{"start":{"line":19,"column":22},"end":{"line":23,"column":43}},"type":"cond-expr","locations":[{"start":{"line":20,"column":6},"end":{"line":20,"column":67}},{"start":{"line":21,"column":6},"end":{"line":23,"column":43}}],"line":19},"1":{"loc":{"start":{"line":21,"column":6},"end":{"line":23,"column":43}},"type":"cond-expr","locations":[{"start":{"line":22,"column":8},"end":{"line":22,"column":92}},{"start":{"line":23,"column":8},"end":{"line":23,"column":43}}],"line":21},"2":{"loc":{"start":{"line":24,"column":30},"end":{"line":24,"column":113}},"type":"cond-expr","locations":[{"start":{"line":24,"column":61},"end":{"line":24,"column":106}},{"start":{"line":24,"column":109},"end":{"line":24,"column":113}}],"line":24},"3":{"loc":{"start":{"line":28,"column":7},"end":{"line":36,"column":14}},"type":"cond-expr","locations":[{"start":{"line":29,"column":8},"end":{"line":35,"column":10}},{"start":{"line":36,"column":10},"end":{"line":36,"column":14}}],"line":28},"4":{"loc":{"start":{"line":38,"column":7},"end":{"line":408,"column":14}},"type":"cond-expr","locations":[{"start":{"line":39,"column":8},"end":{"line":407,"column":11}},{"start":{"line":408,"column":10},"end":{"line":408,"column":14}}],"line":38},"5":{"loc":{"start":{"line":40,"column":11},"end":{"line":92,"column":18}},"type":"cond-expr","locations":[{"start":{"line":41,"column":12},"end":{"line":91,"column":19}},{"start":{"line":92,"column":14},"end":{"line":92,"column":18}}],"line":40},"6":{"loc":{"start":{"line":71,"column":20},"end":{"line":71,"column":77}},"type":"cond-expr","locations":[{"start":{"line":71,"column":46},"end":{"line":71,"column":70}},{"start":{"line":71,"column":73},"end":{"line":71,"column":77}}],"line":71},"7":{"loc":{"start":{"line":72,"column":20},"end":{"line":72,"column":67}},"type":"cond-expr","locations":[{"start":{"line":72,"column":30},"end":{"line":72,"column":60}},{"start":{"line":72,"column":63},"end":{"line":72,"column":67}}],"line":72},"8":{"loc":{"start":{"line":77,"column":61},"end":{"line":77,"column":115}},"type":"cond-expr","locations":[{"start":{"line":77,"column":87},"end":{"line":77,"column":99}},{"start":{"line":77,"column":102},"end":{"line":77,"column":115}}],"line":77},"9":{"loc":{"start":{"line":83,"column":20},"end":{"line":83,"column":69}},"type":"cond-expr","locations":[{"start":{"line":83,"column":30},"end":{"line":83,"column":62}},{"start":{"line":83,"column":65},"end":{"line":83,"column":69}}],"line":83},"10":{"loc":{"start":{"line":90,"column":15},"end":{"line":90,"column":110}},"type":"cond-expr","locations":[{"start":{"line":90,"column":39},"end":{"line":90,"column":103}},{"start":{"line":90,"column":106},"end":{"line":90,"column":110}}],"line":90},"11":{"loc":{"start":{"line":94,"column":11},"end":{"line":167,"column":18}},"type":"cond-expr","locations":[{"start":{"line":95,"column":12},"end":{"line":166,"column":19}},{"start":{"line":167,"column":14},"end":{"line":167,"column":18}}],"line":94},"12":{"loc":{"start":{"line":105,"column":17},"end":{"line":126,"column":17}},"type":"cond-expr","locations":[{"start":{"line":106,"column":18},"end":{"line":106,"column":87}},{"start":{"line":108,"column":18},"end":{"line":125,"column":20}}],"line":105},"13":{"loc":{"start":{"line":113,"column":24},"end":{"line":113,"column":96}},"type":"cond-expr","locations":[{"start":{"line":113,"column":65},"end":{"line":113,"column":89}},{"start":{"line":113,"column":92},"end":{"line":113,"column":96}}],"line":113},"14":{"loc":{"start":{"line":114,"column":24},"end":{"line":114,"column":62}},"type":"cond-expr","locations":[{"start":{"line":114,"column":34},"end":{"line":114,"column":55}},{"start":{"line":114,"column":58},"end":{"line":114,"column":62}}],"line":114},"15":{"loc":{"start":{"line":118,"column":61},"end":{"line":118,"column":138}},"type":"cond-expr","locations":[{"start":{"line":118,"column":102},"end":{"line":118,"column":131}},{"start":{"line":118,"column":134},"end":{"line":118,"column":138}}],"line":118},"16":{"loc":{"start":{"line":121,"column":60},"end":{"line":121,"column":136}},"type":"cond-expr","locations":[{"start":{"line":121,"column":101},"end":{"line":121,"column":129}},{"start":{"line":121,"column":132},"end":{"line":121,"column":136}}],"line":121},"17":{"loc":{"start":{"line":128,"column":15},"end":{"line":139,"column":22}},"type":"cond-expr","locations":[{"start":{"line":129,"column":16},"end":{"line":138,"column":23}},{"start":{"line":139,"column":18},"end":{"line":139,"column":22}}],"line":128},"18":{"loc":{"start":{"line":130,"column":52},"end":{"line":130,"column":116}},"type":"binary-expr","locations":[{"start":{"line":130,"column":52},"end":{"line":130,"column":86}},{"start":{"line":130,"column":90},"end":{"line":130,"column":116}}],"line":130},"19":{"loc":{"start":{"line":146,"column":20},"end":{"line":146,"column":104}},"type":"cond-expr","locations":[{"start":{"line":146,"column":73},"end":{"line":146,"column":97}},{"start":{"line":146,"column":100},"end":{"line":146,"column":104}}],"line":146},"20":{"loc":{"start":{"line":146,"column":20},"end":{"line":146,"column":70}},"type":"binary-expr","locations":[{"start":{"line":146,"column":20},"end":{"line":146,"column":43}},{"start":{"line":146,"column":47},"end":{"line":146,"column":70}}],"line":146},"21":{"loc":{"start":{"line":147,"column":20},"end":{"line":147,"column":67}},"type":"cond-expr","locations":[{"start":{"line":147,"column":30},"end":{"line":147,"column":60}},{"start":{"line":147,"column":63},"end":{"line":147,"column":67}}],"line":147},"22":{"loc":{"start":{"line":150,"column":28},"end":{"line":150,"column":78}},"type":"binary-expr","locations":[{"start":{"line":150,"column":28},"end":{"line":150,"column":51}},{"start":{"line":150,"column":55},"end":{"line":150,"column":78}}],"line":150},"23":{"loc":{"start":{"line":152,"column":61},"end":{"line":152,"column":122}},"type":"cond-expr","locations":[{"start":{"line":152,"column":87},"end":{"line":152,"column":99}},{"start":{"line":152,"column":102},"end":{"line":152,"column":122}}],"line":152},"24":{"loc":{"start":{"line":158,"column":20},"end":{"line":158,"column":69}},"type":"cond-expr","locations":[{"start":{"line":158,"column":30},"end":{"line":158,"column":62}},{"start":{"line":158,"column":65},"end":{"line":158,"column":69}}],"line":158},"25":{"loc":{"start":{"line":165,"column":15},"end":{"line":165,"column":110}},"type":"cond-expr","locations":[{"start":{"line":165,"column":39},"end":{"line":165,"column":103}},{"start":{"line":165,"column":106},"end":{"line":165,"column":110}}],"line":165},"26":{"loc":{"start":{"line":170,"column":11},"end":{"line":364,"column":18}},"type":"cond-expr","locations":[{"start":{"line":171,"column":10},"end":{"line":363,"column":13}},{"start":{"line":364,"column":14},"end":{"line":364,"column":18}}],"line":170},"27":{"loc":{"start":{"line":175,"column":70},"end":{"line":175,"column":108}},"type":"cond-expr","locations":[{"start":{"line":175,"column":80},"end":{"line":175,"column":101}},{"start":{"line":175,"column":104},"end":{"line":175,"column":108}}],"line":175},"28":{"loc":{"start":{"line":179,"column":50},"end":{"line":179,"column":92}},"type":"binary-expr","locations":[{"start":{"line":179,"column":50},"end":{"line":179,"column":74}},{"start":{"line":179,"column":78},"end":{"line":179,"column":92}}],"line":179},"29":{"loc":{"start":{"line":182,"column":57},"end":{"line":182,"column":91}},"type":"cond-expr","locations":[{"start":{"line":182,"column":82},"end":{"line":182,"column":85}},{"start":{"line":182,"column":88},"end":{"line":182,"column":91}}],"line":182},"30":{"loc":{"start":{"line":184,"column":13},"end":{"line":205,"column":20}},"type":"cond-expr","locations":[{"start":{"line":185,"column":14},"end":{"line":204,"column":21}},{"start":{"line":205,"column":16},"end":{"line":205,"column":20}}],"line":184},"31":{"loc":{"start":{"line":184,"column":13},"end":{"line":184,"column":61}},"type":"binary-expr","locations":[{"start":{"line":184,"column":13},"end":{"line":184,"column":35}},{"start":{"line":184,"column":39},"end":{"line":184,"column":61}}],"line":184},"32":{"loc":{"start":{"line":191,"column":22},"end":{"line":191,"column":90}},"type":"cond-expr","locations":[{"start":{"line":191,"column":59},"end":{"line":191,"column":83}},{"start":{"line":191,"column":86},"end":{"line":191,"column":90}}],"line":191},"33":{"loc":{"start":{"line":192,"column":22},"end":{"line":192,"column":60}},"type":"cond-expr","locations":[{"start":{"line":192,"column":32},"end":{"line":192,"column":53}},{"start":{"line":192,"column":56},"end":{"line":192,"column":60}}],"line":192},"34":{"loc":{"start":{"line":196,"column":59},"end":{"line":196,"column":132}},"type":"cond-expr","locations":[{"start":{"line":196,"column":96},"end":{"line":196,"column":125}},{"start":{"line":196,"column":128},"end":{"line":196,"column":132}}],"line":196},"35":{"loc":{"start":{"line":199,"column":58},"end":{"line":199,"column":130}},"type":"cond-expr","locations":[{"start":{"line":199,"column":95},"end":{"line":199,"column":123}},{"start":{"line":199,"column":126},"end":{"line":199,"column":130}}],"line":199},"36":{"loc":{"start":{"line":206,"column":13},"end":{"line":234,"column":20}},"type":"cond-expr","locations":[{"start":{"line":207,"column":14},"end":{"line":233,"column":21}},{"start":{"line":234,"column":16},"end":{"line":234,"column":20}}],"line":206},"37":{"loc":{"start":{"line":208,"column":17},"end":{"line":214,"column":17}},"type":"cond-expr","locations":[{"start":{"line":209,"column":18},"end":{"line":209,"column":105}},{"start":{"line":211,"column":18},"end":{"line":213,"column":25}}],"line":208},"38":{"loc":{"start":{"line":220,"column":21},"end":{"line":220,"column":98}},"type":"binary-expr","locations":[{"start":{"line":220,"column":21},"end":{"line":220,"column":61}},{"start":{"line":220,"column":65},"end":{"line":220,"column":98}}],"line":220},"39":{"loc":{"start":{"line":226,"column":22},"end":{"line":226,"column":69}},"type":"cond-expr","locations":[{"start":{"line":226,"column":32},"end":{"line":226,"column":62}},{"start":{"line":226,"column":65},"end":{"line":226,"column":69}}],"line":226},"40":{"loc":{"start":{"line":237,"column":11},"end":{"line":279,"column":18}},"type":"cond-expr","locations":[{"start":{"line":238,"column":12},"end":{"line":278,"column":19}},{"start":{"line":279,"column":14},"end":{"line":279,"column":18}}],"line":237},"41":{"loc":{"start":{"line":245,"column":18},"end":{"line":245,"column":84}},"type":"cond-expr","locations":[{"start":{"line":245,"column":53},"end":{"line":245,"column":77}},{"start":{"line":245,"column":80},"end":{"line":245,"column":84}}],"line":245},"42":{"loc":{"start":{"line":246,"column":18},"end":{"line":246,"column":65}},"type":"cond-expr","locations":[{"start":{"line":246,"column":28},"end":{"line":246,"column":58}},{"start":{"line":246,"column":61},"end":{"line":246,"column":65}}],"line":246},"43":{"loc":{"start":{"line":252,"column":19},"end":{"line":252,"column":92}},"type":"cond-expr","locations":[{"start":{"line":252,"column":54},"end":{"line":252,"column":69}},{"start":{"line":252,"column":72},"end":{"line":252,"column":92}}],"line":252},"44":{"loc":{"start":{"line":255,"column":15},"end":{"line":265,"column":22}},"type":"cond-expr","locations":[{"start":{"line":256,"column":16},"end":{"line":264,"column":23}},{"start":{"line":265,"column":18},"end":{"line":265,"column":22}}],"line":255},"45":{"loc":{"start":{"line":266,"column":15},"end":{"line":277,"column":22}},"type":"cond-expr","locations":[{"start":{"line":267,"column":16},"end":{"line":276,"column":23}},{"start":{"line":277,"column":18},"end":{"line":277,"column":22}}],"line":266},"46":{"loc":{"start":{"line":283,"column":70},"end":{"line":283,"column":109}},"type":"binary-expr","locations":[{"start":{"line":283,"column":70},"end":{"line":283,"column":94}},{"start":{"line":283,"column":98},"end":{"line":283,"column":109}}],"line":283},"47":{"loc":{"start":{"line":288,"column":16},"end":{"line":288,"column":63}},"type":"cond-expr","locations":[{"start":{"line":288,"column":26},"end":{"line":288,"column":56}},{"start":{"line":288,"column":59},"end":{"line":288,"column":63}}],"line":288},"48":{"loc":{"start":{"line":303,"column":13},"end":{"line":330,"column":13}},"type":"cond-expr","locations":[{"start":{"line":304,"column":14},"end":{"line":312,"column":21}},{"start":{"line":313,"column":16},"end":{"line":330,"column":13}}],"line":303},"49":{"loc":{"start":{"line":313,"column":16},"end":{"line":330,"column":13}},"type":"cond-expr","locations":[{"start":{"line":314,"column":14},"end":{"line":327,"column":21}},{"start":{"line":329,"column":14},"end":{"line":329,"column":116}}],"line":313},"50":{"loc":{"start":{"line":331,"column":13},"end":{"line":331,"column":108}},"type":"cond-expr","locations":[{"start":{"line":331,"column":34},"end":{"line":331,"column":101}},{"start":{"line":331,"column":104},"end":{"line":331,"column":108}}],"line":331},"51":{"loc":{"start":{"line":332,"column":13},"end":{"line":332,"column":98}},"type":"cond-expr","locations":[{"start":{"line":332,"column":32},"end":{"line":332,"column":91}},{"start":{"line":332,"column":94},"end":{"line":332,"column":98}}],"line":332},"52":{"loc":{"start":{"line":337,"column":13},"end":{"line":347,"column":13}},"type":"cond-expr","locations":[{"start":{"line":338,"column":14},"end":{"line":338,"column":97}},{"start":{"line":340,"column":14},"end":{"line":346,"column":21}}],"line":337},"53":{"loc":{"start":{"line":365,"column":11},"end":{"line":406,"column":18}},"type":"cond-expr","locations":[{"start":{"line":366,"column":12},"end":{"line":405,"column":19}},{"start":{"line":406,"column":14},"end":{"line":406,"column":18}}],"line":365},"54":{"loc":{"start":{"line":374,"column":20},"end":{"line":374,"column":67}},"type":"cond-expr","locations":[{"start":{"line":374,"column":30},"end":{"line":374,"column":60}},{"start":{"line":374,"column":63},"end":{"line":374,"column":67}}],"line":374},"55":{"loc":{"start":{"line":385,"column":20},"end":{"line":385,"column":67}},"type":"cond-expr","locations":[{"start":{"line":385,"column":30},"end":{"line":385,"column":60}},{"start":{"line":385,"column":63},"end":{"line":385,"column":67}}],"line":385},"56":{"loc":{"start":{"line":392,"column":15},"end":{"line":403,"column":22}},"type":"cond-expr","locations":[{"start":{"line":393,"column":16},"end":{"line":402,"column":28}},{"start":{"line":403,"column":18},"end":{"line":403,"column":22}}],"line":392},"57":{"loc":{"start":{"line":397,"column":20},"end":{"line":397,"column":69}},"type":"cond-expr","locations":[{"start":{"line":397,"column":30},"end":{"line":397,"column":62}},{"start":{"line":397,"column":65},"end":{"line":397,"column":69}}],"line":397},"58":{"loc":{"start":{"line":404,"column":15},"end":{"line":404,"column":110}},"type":"cond-expr","locations":[{"start":{"line":404,"column":39},"end":{"line":404,"column":103}},{"start":{"line":404,"column":106},"end":{"line":404,"column":110}}],"line":404}},"s":{"0":4,"1":4,"2":4,"3":4,"4":4,"5":4,"6":1,"7":1,"8":1,"9":1,"10":1,"11":1,"12":1,"13":1,"14":1,"15":0,"16":0,"17":0,"18":1,"19":1,"20":1,"21":1,"22":3,"23":1,"24":1,"25":1,"26":1,"27":1},"f":{"0":4,"1":1,"2":1,"3":1,"4":1,"5":1,"6":1,"7":1,"8":1,"9":1,"10":0,"11":0,"12":0,"13":1,"14":1,"15":1,"16":1,"17":3,"18":1,"19":1,"20":1,"21":1,"22":1},"b":{"0":[4,0],"1":[0,0],"2":[4,0],"3":[1,3],"4":[3,1],"5":[1,2],"6":[0,1],"7":[0,1],"8":[0,1],"9":[0,1],"10":[0,1],"11":[1,2],"12":[0,1],"13":[1,0],"14":[0,1],"15":[1,0],"16":[1,0],"17":[1,0],"18":[1,1],"19":[0,1],"20":[1,1],"21":[0,1],"22":[1,1],"23":[0,1],"24":[0,1],"25":[0,1],"26":[1,2],"27":[0,1],"28":[1,0],"29":[0,1],"30":[0,1],"31":[1,1],"32":[0,0],"33":[0,0],"34":[0,0],"35":[0,0],"36":[1,0],"37":[1,0],"38":[1,0],"39":[0,1],"40":[1,0],"41":[0,1],"42":[0,1],"43":[0,1],"44":[0,1],"45":[1,0],"46":[1,0],"47":[0,1],"48":[0,1],"49":[1,0],"50":[0,1],"51":[0,1],"52":[0,1],"53":[1,2],"54":[0,1],"55":[0,1],"56":[1,0],"57":[0,1],"58":[0,1]},"_coverageSchema":"1a1c01bbd47fc00a2c39e90264f33305004495a9","hash":"6bdb0876ec3fa833f9d820171578ef23d62ce19d"}
,"/Users/jushita/git/myBookClub/my-book-club-ui/components/screens/HomeScreen.tsx": {"path":"/Users/jushita/git/myBookClub/my-book-club-ui/components/screens/HomeScreen.tsx","statementMap":{"0":{"start":{"line":19,"column":38},"end":{"line":19,"column":57}},"1":{"start":{"line":20,"column":29},"end":{"line":20,"column":61}},"2":{"start":{"line":21,"column":42},"end":{"line":21,"column":69}},"3":{"start":{"line":22,"column":54},"end":{"line":22,"column":69}},"4":{"start":{"line":24,"column":26},"end":{"line":34,"column":3}},"5":{"start":{"line":25,"column":4},"end":{"line":25,"column":26}},"6":{"start":{"line":26,"column":4},"end":{"line":26,"column":32}},"7":{"start":{"line":27,"column":4},"end":{"line":33,"column":9}},"8":{"start":{"line":29,"column":8},"end":{"line":29,"column":58}},"9":{"start":{"line":32,"column":8},"end":{"line":32,"column":37}},"10":{"start":{"line":36,"column":2},"end":{"line":230,"column":4}},"11":{"start":{"line":70,"column":33},"end":{"line":70,"column":68}},"12":{"start":{"line":73,"column":20},"end":{"line":75,"column":21}},"13":{"start":{"line":74,"column":22},"end":{"line":74,"column":77}},"14":{"start":{"line":95,"column":18},"end":{"line":106,"column":20}},"15":{"start":{"line":99,"column":35},"end":{"line":99,"column":56}},"16":{"start":{"line":102,"column":22},"end":{"line":104,"column":23}},"17":{"start":{"line":103,"column":24},"end":{"line":103,"column":71}},"18":{"start":{"line":132,"column":44},"end":{"line":136,"column":21}},"19":{"start":{"line":152,"column":40},"end":{"line":157,"column":17}},"20":{"start":{"line":163,"column":40},"end":{"line":168,"column":17}},"21":{"start":{"line":215,"column":82},"end":{"line":215,"column":117}},"22":{"start":{"line":228,"column":120},"end":{"line":228,"column":141}}},"fnMap":{"0":{"name":"HomeScreen","decl":{"start":{"line":18,"column":16},"end":{"line":18,"column":26}},"loc":{"start":{"line":18,"column":64},"end":{"line":231,"column":1}},"line":18},"1":{"name":"(anonymous_1)","decl":{"start":{"line":24,"column":26},"end":{"line":24,"column":27}},"loc":{"start":{"line":24,"column":42},"end":{"line":34,"column":3}},"line":24},"2":{"name":"(anonymous_2)","decl":{"start":{"line":28,"column":12},"end":{"line":28,"column":13}},"loc":{"start":{"line":28,"column":25},"end":{"line":30,"column":7}},"line":28},"3":{"name":"(anonymous_3)","decl":{"start":{"line":31,"column":15},"end":{"line":31,"column":16}},"loc":{"start":{"line":31,"column":21},"end":{"line":33,"column":7}},"line":31},"4":{"name":"(anonymous_4)","decl":{"start":{"line":70,"column":27},"end":{"line":70,"column":28}},"loc":{"start":{"line":70,"column":33},"end":{"line":70,"column":68}},"line":70},"5":{"name":"(anonymous_5)","decl":{"start":{"line":72,"column":33},"end":{"line":72,"column":34}},"loc":{"start":{"line":73,"column":20},"end":{"line":75,"column":21}},"line":73},"6":{"name":"(anonymous_6)","decl":{"start":{"line":73,"column":66},"end":{"line":73,"column":67}},"loc":{"start":{"line":74,"column":22},"end":{"line":74,"column":77}},"line":74},"7":{"name":"(anonymous_7)","decl":{"start":{"line":94,"column":54},"end":{"line":94,"column":55}},"loc":{"start":{"line":95,"column":18},"end":{"line":106,"column":20}},"line":95},"8":{"name":"(anonymous_8)","decl":{"start":{"line":99,"column":29},"end":{"line":99,"column":30}},"loc":{"start":{"line":99,"column":35},"end":{"line":99,"column":56}},"line":99},"9":{"name":"(anonymous_9)","decl":{"start":{"line":101,"column":35},"end":{"line":101,"column":36}},"loc":{"start":{"line":102,"column":22},"end":{"line":104,"column":23}},"line":102},"10":{"name":"(anonymous_10)","decl":{"start":{"line":102,"column":84},"end":{"line":102,"column":85}},"loc":{"start":{"line":103,"column":24},"end":{"line":103,"column":71}},"line":103},"11":{"name":"(anonymous_11)","decl":{"start":{"line":132,"column":27},"end":{"line":132,"column":28}},"loc":{"start":{"line":132,"column":44},"end":{"line":136,"column":21}},"line":132},"12":{"name":"(anonymous_12)","decl":{"start":{"line":152,"column":23},"end":{"line":152,"column":24}},"loc":{"start":{"line":152,"column":40},"end":{"line":157,"column":17}},"line":152},"13":{"name":"(anonymous_13)","decl":{"start":{"line":163,"column":23},"end":{"line":163,"column":24}},"loc":{"start":{"line":163,"column":40},"end":{"line":168,"column":17}},"line":163},"14":{"name":"(anonymous_14)","decl":{"start":{"line":215,"column":76},"end":{"line":215,"column":77}},"loc":{"start":{"line":215,"column":82},"end":{"line":215,"column":117}},"line":215},"15":{"name":"(anonymous_15)","decl":{"start":{"line":228,"column":114},"end":{"line":228,"column":115}},"loc":{"start":{"line":228,"column":120},"end":{"line":228,"column":141}},"line":228}},"branchMap":{"0":{"loc":{"start":{"line":38,"column":7},"end":{"line":227,"column":7}},"type":"cond-expr","locations":[{"start":{"line":39,"column":8},"end":{"line":178,"column":11}},{"start":{"line":180,"column":8},"end":{"line":226,"column":11}}],"line":38},"1":{"loc":{"start":{"line":56,"column":13},"end":{"line":64,"column":20}},"type":"cond-expr","locations":[{"start":{"line":57,"column":14},"end":{"line":63,"column":21}},{"start":{"line":64,"column":16},"end":{"line":64,"column":20}}],"line":56},"2":{"loc":{"start":{"line":65,"column":13},"end":{"line":84,"column":20}},"type":"cond-expr","locations":[{"start":{"line":66,"column":14},"end":{"line":83,"column":15}},{"start":{"line":84,"column":16},"end":{"line":84,"column":20}}],"line":65},"3":{"loc":{"start":{"line":66,"column":14},"end":{"line":83,"column":15}},"type":"cond-expr","locations":[{"start":{"line":67,"column":16},"end":{"line":77,"column":18}},{"start":{"line":79,"column":16},"end":{"line":82,"column":23}}],"line":66},"4":{"loc":{"start":{"line":71,"column":31},"end":{"line":71,"column":71}},"type":"binary-expr","locations":[{"start":{"line":71,"column":31},"end":{"line":71,"column":53}},{"start":{"line":71,"column":57},"end":{"line":71,"column":71}}],"line":71},"5":{"loc":{"start":{"line":93,"column":15},"end":{"line":110,"column":15}},"type":"cond-expr","locations":[{"start":{"line":94,"column":16},"end":{"line":107,"column":18}},{"start":{"line":109,"column":16},"end":{"line":109,"column":114}}],"line":93},"6":{"loc":{"start":{"line":100,"column":33},"end":{"line":100,"column":89}},"type":"binary-expr","locations":[{"start":{"line":100,"column":33},"end":{"line":100,"column":71}},{"start":{"line":100,"column":75},"end":{"line":100,"column":89}}],"line":100},"7":{"loc":{"start":{"line":116,"column":13},"end":{"line":145,"column":13}},"type":"cond-expr","locations":[{"start":{"line":117,"column":14},"end":{"line":142,"column":21}},{"start":{"line":144,"column":14},"end":{"line":144,"column":135}}],"line":116},"8":{"loc":{"start":{"line":118,"column":17},"end":{"line":124,"column":17}},"type":"cond-expr","locations":[{"start":{"line":119,"column":18},"end":{"line":119,"column":128}},{"start":{"line":121,"column":18},"end":{"line":123,"column":25}}],"line":118},"9":{"loc":{"start":{"line":129,"column":21},"end":{"line":129,"column":98}},"type":"binary-expr","locations":[{"start":{"line":129,"column":21},"end":{"line":129,"column":61}},{"start":{"line":129,"column":65},"end":{"line":129,"column":98}}],"line":129},"10":{"loc":{"start":{"line":135,"column":22},"end":{"line":135,"column":69}},"type":"cond-expr","locations":[{"start":{"line":135,"column":32},"end":{"line":135,"column":62}},{"start":{"line":135,"column":65},"end":{"line":135,"column":69}}],"line":135},"11":{"loc":{"start":{"line":156,"column":18},"end":{"line":156,"column":65}},"type":"cond-expr","locations":[{"start":{"line":156,"column":28},"end":{"line":156,"column":58}},{"start":{"line":156,"column":61},"end":{"line":156,"column":65}}],"line":156},"12":{"loc":{"start":{"line":167,"column":18},"end":{"line":167,"column":65}},"type":"cond-expr","locations":[{"start":{"line":167,"column":28},"end":{"line":167,"column":58}},{"start":{"line":167,"column":61},"end":{"line":167,"column":65}}],"line":167},"13":{"loc":{"start":{"line":175,"column":15},"end":{"line":175,"column":54}},"type":"binary-expr","locations":[{"start":{"line":175,"column":15},"end":{"line":175,"column":39}},{"start":{"line":175,"column":43},"end":{"line":175,"column":54}}],"line":175},"14":{"loc":{"start":{"line":204,"column":13},"end":{"line":212,"column":20}},"type":"cond-expr","locations":[{"start":{"line":205,"column":14},"end":{"line":211,"column":21}},{"start":{"line":212,"column":16},"end":{"line":212,"column":20}}],"line":204},"15":{"loc":{"start":{"line":213,"column":13},"end":{"line":224,"column":20}},"type":"cond-expr","locations":[{"start":{"line":214,"column":14},"end":{"line":223,"column":15}},{"start":{"line":224,"column":16},"end":{"line":224,"column":20}}],"line":213},"16":{"loc":{"start":{"line":214,"column":14},"end":{"line":223,"column":15}},"type":"cond-expr","locations":[{"start":{"line":215,"column":16},"end":{"line":215,"column":121}},{"start":{"line":217,"column":16},"end":{"line":222,"column":23}}],"line":214}},"s":{"0":2,"1":2,"2":2,"3":2,"4":2,"5":0,"6":0,"7":0,"8":0,"9":0,"10":2,"11":0,"12":0,"13":0,"14":1,"15":0,"16":0,"17":0,"18":1,"19":1,"20":1,"21":0,"22":0},"f":{"0":2,"1":0,"2":0,"3":0,"4":0,"5":0,"6":0,"7":1,"8":0,"9":0,"10":0,"11":1,"12":1,"13":1,"14":0,"15":0},"b":{"0":[1,1],"1":[0,1],"2":[1,0],"3":[1,0],"4":[1,1],"5":[1,0],"6":[1,1],"7":[1,0],"8":[1,0],"9":[1,0],"10":[0,1],"11":[0,1],"12":[0,1],"13":[1,0],"14":[0,1],"15":[1,0],"16":[1,0]},"_coverageSchema":"1a1c01bbd47fc00a2c39e90264f33305004495a9","hash":"68be23eb35ce5609705b113d389f477c9bed8a6c"}
,"/Users/jushita/git/myBookClub/my-book-club-ui/components/screens/LibraryScreen.tsx": {"path":"/Users/jushita/git/myBookClub/my-book-club-ui/components/screens/LibraryScreen.tsx","statementMap":{"0":{"start":{"line":18,"column":36},"end":{"line":18,"column":91}},"1":{"start":{"line":19,"column":38},"end":{"line":19,"column":57}},"2":{"start":{"line":20,"column":30},"end":{"line":20,"column":55}},"3":{"start":{"line":21,"column":42},"end":{"line":21,"column":69}},"4":{"start":{"line":22,"column":54},"end":{"line":22,"column":69}},"5":{"start":{"line":24,"column":25},"end":{"line":34,"column":90}},"6":{"start":{"line":25,"column":4},"end":{"line":27,"column":5}},"7":{"start":{"line":26,"column":6},"end":{"line":26,"column":35}},"8":{"start":{"line":29,"column":4},"end":{"line":31,"column":5}},"9":{"start":{"line":30,"column":6},"end":{"line":30,"column":35}},"10":{"start":{"line":33,"column":4},"end":{"line":33,"column":37}},"11":{"start":{"line":36,"column":26},"end":{"line":46,"column":3}},"12":{"start":{"line":37,"column":4},"end":{"line":37,"column":26}},"13":{"start":{"line":38,"column":4},"end":{"line":38,"column":32}},"14":{"start":{"line":39,"column":4},"end":{"line":45,"column":9}},"15":{"start":{"line":41,"column":8},"end":{"line":41,"column":58}},"16":{"start":{"line":44,"column":8},"end":{"line":44,"column":37}},"17":{"start":{"line":48,"column":2},"end":{"line":182,"column":4}},"18":{"start":{"line":60,"column":31},"end":{"line":60,"column":72}},"19":{"start":{"line":63,"column":18},"end":{"line":65,"column":19}},"20":{"start":{"line":64,"column":20},"end":{"line":64,"column":68}},"21":{"start":{"line":69,"column":18},"end":{"line":71,"column":19}},"22":{"start":{"line":70,"column":20},"end":{"line":70,"column":69}},"23":{"start":{"line":78,"column":38},"end":{"line":82,"column":15}},"24":{"start":{"line":83,"column":29},"end":{"line":83,"column":49}},"25":{"start":{"line":88,"column":38},"end":{"line":92,"column":15}},"26":{"start":{"line":93,"column":29},"end":{"line":93,"column":53}},"27":{"start":{"line":98,"column":38},"end":{"line":102,"column":15}},"28":{"start":{"line":103,"column":29},"end":{"line":103,"column":58}},"29":{"start":{"line":122,"column":12},"end":{"line":158,"column":14}},"30":{"start":{"line":125,"column":29},"end":{"line":125,"column":56}},"31":{"start":{"line":130,"column":22},"end":{"line":130,"column":62}},"32":{"start":{"line":143,"column":22},"end":{"line":147,"column":23}},"33":{"start":{"line":146,"column":30},"end":{"line":146,"column":65}},"34":{"start":{"line":149,"column":28},"end":{"line":149,"column":124}},"35":{"start":{"line":149,"column":88},"end":{"line":149,"column":123}},"36":{"start":{"line":155,"column":26},"end":{"line":155,"column":128}},"37":{"start":{"line":155,"column":93},"end":{"line":155,"column":127}},"38":{"start":{"line":176,"column":12},"end":{"line":176,"column":88}},"39":{"start":{"line":176,"column":63},"end":{"line":176,"column":84}},"40":{"start":{"line":180,"column":120},"end":{"line":180,"column":141}}},"fnMap":{"0":{"name":"LibraryScreen","decl":{"start":{"line":17,"column":16},"end":{"line":17,"column":29}},"loc":{"start":{"line":17,"column":70},"end":{"line":183,"column":1}},"line":17},"1":{"name":"(anonymous_1)","decl":{"start":{"line":24,"column":33},"end":{"line":24,"column":34}},"loc":{"start":{"line":24,"column":39},"end":{"line":34,"column":3}},"line":24},"2":{"name":"(anonymous_2)","decl":{"start":{"line":36,"column":26},"end":{"line":36,"column":27}},"loc":{"start":{"line":36,"column":42},"end":{"line":46,"column":3}},"line":36},"3":{"name":"(anonymous_3)","decl":{"start":{"line":40,"column":12},"end":{"line":40,"column":13}},"loc":{"start":{"line":40,"column":25},"end":{"line":42,"column":7}},"line":40},"4":{"name":"(anonymous_4)","decl":{"start":{"line":43,"column":15},"end":{"line":43,"column":16}},"loc":{"start":{"line":43,"column":21},"end":{"line":45,"column":7}},"line":43},"5":{"name":"(anonymous_5)","decl":{"start":{"line":60,"column":25},"end":{"line":60,"column":26}},"loc":{"start":{"line":60,"column":31},"end":{"line":60,"column":72}},"line":60},"6":{"name":"(anonymous_6)","decl":{"start":{"line":62,"column":31},"end":{"line":62,"column":32}},"loc":{"start":{"line":63,"column":18},"end":{"line":65,"column":19}},"line":63},"7":{"name":"(anonymous_7)","decl":{"start":{"line":63,"column":101},"end":{"line":63,"column":102}},"loc":{"start":{"line":64,"column":20},"end":{"line":64,"column":68}},"line":64},"8":{"name":"(anonymous_8)","decl":{"start":{"line":68,"column":40},"end":{"line":68,"column":41}},"loc":{"start":{"line":69,"column":18},"end":{"line":71,"column":19}},"line":69},"9":{"name":"(anonymous_9)","decl":{"start":{"line":69,"column":95},"end":{"line":69,"column":96}},"loc":{"start":{"line":70,"column":20},"end":{"line":70,"column":69}},"line":70},"10":{"name":"(anonymous_10)","decl":{"start":{"line":78,"column":21},"end":{"line":78,"column":22}},"loc":{"start":{"line":78,"column":38},"end":{"line":82,"column":15}},"line":78},"11":{"name":"(anonymous_11)","decl":{"start":{"line":83,"column":23},"end":{"line":83,"column":24}},"loc":{"start":{"line":83,"column":29},"end":{"line":83,"column":49}},"line":83},"12":{"name":"(anonymous_12)","decl":{"start":{"line":88,"column":21},"end":{"line":88,"column":22}},"loc":{"start":{"line":88,"column":38},"end":{"line":92,"column":15}},"line":88},"13":{"name":"(anonymous_13)","decl":{"start":{"line":93,"column":23},"end":{"line":93,"column":24}},"loc":{"start":{"line":93,"column":29},"end":{"line":93,"column":53}},"line":93},"14":{"name":"(anonymous_14)","decl":{"start":{"line":98,"column":21},"end":{"line":98,"column":22}},"loc":{"start":{"line":98,"column":38},"end":{"line":102,"column":15}},"line":98},"15":{"name":"(anonymous_15)","decl":{"start":{"line":103,"column":23},"end":{"line":103,"column":24}},"loc":{"start":{"line":103,"column":29},"end":{"line":103,"column":58}},"line":103},"16":{"name":"(anonymous_16)","decl":{"start":{"line":121,"column":30},"end":{"line":121,"column":31}},"loc":{"start":{"line":122,"column":12},"end":{"line":158,"column":14}},"line":122},"17":{"name":"(anonymous_17)","decl":{"start":{"line":125,"column":23},"end":{"line":125,"column":24}},"loc":{"start":{"line":125,"column":29},"end":{"line":125,"column":56}},"line":125},"18":{"name":"(anonymous_18)","decl":{"start":{"line":129,"column":20},"end":{"line":129,"column":21}},"loc":{"start":{"line":129,"column":26},"end":{"line":131,"column":21}},"line":129},"19":{"name":"(anonymous_19)","decl":{"start":{"line":142,"column":20},"end":{"line":142,"column":21}},"loc":{"start":{"line":143,"column":22},"end":{"line":147,"column":23}},"line":143},"20":{"name":"(anonymous_20)","decl":{"start":{"line":146,"column":24},"end":{"line":146,"column":25}},"loc":{"start":{"line":146,"column":30},"end":{"line":146,"column":65}},"line":146},"21":{"name":"(anonymous_21)","decl":{"start":{"line":149,"column":22},"end":{"line":149,"column":23}},"loc":{"start":{"line":149,"column":28},"end":{"line":149,"column":124}},"line":149},"22":{"name":"(anonymous_22)","decl":{"start":{"line":149,"column":82},"end":{"line":149,"column":83}},"loc":{"start":{"line":149,"column":88},"end":{"line":149,"column":123}},"line":149},"23":{"name":"(anonymous_23)","decl":{"start":{"line":155,"column":20},"end":{"line":155,"column":21}},"loc":{"start":{"line":155,"column":26},"end":{"line":155,"column":128}},"line":155},"24":{"name":"(anonymous_24)","decl":{"start":{"line":155,"column":87},"end":{"line":155,"column":88}},"loc":{"start":{"line":155,"column":93},"end":{"line":155,"column":127}},"line":155},"25":{"name":"(anonymous_25)","decl":{"start":{"line":175,"column":39},"end":{"line":175,"column":40}},"loc":{"start":{"line":176,"column":12},"end":{"line":176,"column":88}},"line":176},"26":{"name":"(anonymous_26)","decl":{"start":{"line":176,"column":57},"end":{"line":176,"column":58}},"loc":{"start":{"line":176,"column":63},"end":{"line":176,"column":84}},"line":176},"27":{"name":"(anonymous_27)","decl":{"start":{"line":180,"column":114},"end":{"line":180,"column":115}},"loc":{"start":{"line":180,"column":120},"end":{"line":180,"column":141}},"line":180}},"branchMap":{"0":{"loc":{"start":{"line":25,"column":4},"end":{"line":27,"column":5}},"type":"if","locations":[{"start":{"line":25,"column":4},"end":{"line":27,"column":5}},{"start":{},"end":{}}],"line":25},"1":{"loc":{"start":{"line":29,"column":4},"end":{"line":31,"column":5}},"type":"if","locations":[{"start":{"line":29,"column":4},"end":{"line":31,"column":5}},{"start":{},"end":{}}],"line":29},"2":{"loc":{"start":{"line":50,"column":7},"end":{"line":179,"column":7}},"type":"cond-expr","locations":[{"start":{"line":51,"column":8},"end":{"line":161,"column":11}},{"start":{"line":163,"column":8},"end":{"line":178,"column":11}}],"line":50},"3":{"loc":{"start":{"line":53,"column":11},"end":{"line":53,"column":104}},"type":"cond-expr","locations":[{"start":{"line":53,"column":32},"end":{"line":53,"column":97}},{"start":{"line":53,"column":100},"end":{"line":53,"column":104}}],"line":53},"4":{"loc":{"start":{"line":54,"column":11},"end":{"line":54,"column":96}},"type":"cond-expr","locations":[{"start":{"line":54,"column":30},"end":{"line":54,"column":89}},{"start":{"line":54,"column":92},"end":{"line":54,"column":96}}],"line":54},"5":{"loc":{"start":{"line":55,"column":11},"end":{"line":75,"column":18}},"type":"cond-expr","locations":[{"start":{"line":56,"column":12},"end":{"line":74,"column":19}},{"start":{"line":75,"column":14},"end":{"line":75,"column":18}}],"line":55},"6":{"loc":{"start":{"line":61,"column":29},"end":{"line":61,"column":103}},"type":"binary-expr","locations":[{"start":{"line":61,"column":29},"end":{"line":61,"column":85}},{"start":{"line":61,"column":89},"end":{"line":61,"column":103}}],"line":61},"7":{"loc":{"start":{"line":67,"column":38},"end":{"line":67,"column":117}},"type":"binary-expr","locations":[{"start":{"line":67,"column":38},"end":{"line":67,"column":91}},{"start":{"line":67,"column":95},"end":{"line":67,"column":117}}],"line":67},"8":{"loc":{"start":{"line":80,"column":16},"end":{"line":80,"column":76}},"type":"cond-expr","locations":[{"start":{"line":80,"column":39},"end":{"line":80,"column":69}},{"start":{"line":80,"column":72},"end":{"line":80,"column":76}}],"line":80},"9":{"loc":{"start":{"line":81,"column":16},"end":{"line":81,"column":54}},"type":"cond-expr","locations":[{"start":{"line":81,"column":26},"end":{"line":81,"column":47}},{"start":{"line":81,"column":50},"end":{"line":81,"column":54}}],"line":81},"10":{"loc":{"start":{"line":85,"column":53},"end":{"line":85,"column":112}},"type":"cond-expr","locations":[{"start":{"line":85,"column":76},"end":{"line":85,"column":105}},{"start":{"line":85,"column":108},"end":{"line":85,"column":112}}],"line":85},"11":{"loc":{"start":{"line":90,"column":16},"end":{"line":90,"column":80}},"type":"cond-expr","locations":[{"start":{"line":90,"column":43},"end":{"line":90,"column":73}},{"start":{"line":90,"column":76},"end":{"line":90,"column":80}}],"line":90},"12":{"loc":{"start":{"line":91,"column":16},"end":{"line":91,"column":54}},"type":"cond-expr","locations":[{"start":{"line":91,"column":26},"end":{"line":91,"column":47}},{"start":{"line":91,"column":50},"end":{"line":91,"column":54}}],"line":91},"13":{"loc":{"start":{"line":95,"column":53},"end":{"line":95,"column":116}},"type":"cond-expr","locations":[{"start":{"line":95,"column":80},"end":{"line":95,"column":109}},{"start":{"line":95,"column":112},"end":{"line":95,"column":116}}],"line":95},"14":{"loc":{"start":{"line":100,"column":16},"end":{"line":100,"column":85}},"type":"cond-expr","locations":[{"start":{"line":100,"column":48},"end":{"line":100,"column":78}},{"start":{"line":100,"column":81},"end":{"line":100,"column":85}}],"line":100},"15":{"loc":{"start":{"line":101,"column":16},"end":{"line":101,"column":54}},"type":"cond-expr","locations":[{"start":{"line":101,"column":26},"end":{"line":101,"column":47}},{"start":{"line":101,"column":50},"end":{"line":101,"column":54}}],"line":101},"16":{"loc":{"start":{"line":105,"column":53},"end":{"line":105,"column":121}},"type":"cond-expr","locations":[{"start":{"line":105,"column":85},"end":{"line":105,"column":114}},{"start":{"line":105,"column":117},"end":{"line":105,"column":121}}],"line":105},"17":{"loc":{"start":{"line":111,"column":11},"end":{"line":119,"column":18}},"type":"cond-expr","locations":[{"start":{"line":112,"column":12},"end":{"line":118,"column":19}},{"start":{"line":119,"column":14},"end":{"line":119,"column":18}}],"line":111},"18":{"loc":{"start":{"line":111,"column":11},"end":{"line":111,"column":61}},"type":"binary-expr","locations":[{"start":{"line":111,"column":11},"end":{"line":111,"column":30}},{"start":{"line":111,"column":34},"end":{"line":111,"column":61}}],"line":111},"19":{"loc":{"start":{"line":113,"column":15},"end":{"line":117,"column":75}},"type":"cond-expr","locations":[{"start":{"line":114,"column":18},"end":{"line":114,"column":63}},{"start":{"line":115,"column":18},"end":{"line":117,"column":75}}],"line":113},"20":{"loc":{"start":{"line":115,"column":18},"end":{"line":117,"column":75}},"type":"cond-expr","locations":[{"start":{"line":116,"column":20},"end":{"line":116,"column":78}},{"start":{"line":117,"column":20},"end":{"line":117,"column":75}}],"line":115},"21":{"loc":{"start":{"line":127,"column":16},"end":{"line":131,"column":21}},"type":"cond-expr","locations":[{"start":{"line":128,"column":20},"end":{"line":128,"column":29}},{"start":{"line":129,"column":20},"end":{"line":131,"column":21}}],"line":127},"22":{"loc":{"start":{"line":127,"column":16},"end":{"line":127,"column":69}},"type":"binary-expr","locations":[{"start":{"line":127,"column":16},"end":{"line":127,"column":31}},{"start":{"line":127,"column":35},"end":{"line":127,"column":69}}],"line":127},"23":{"loc":{"start":{"line":134,"column":16},"end":{"line":138,"column":31}},"type":"cond-expr","locations":[{"start":{"line":135,"column":20},"end":{"line":135,"column":129}},{"start":{"line":136,"column":20},"end":{"line":138,"column":31}}],"line":134},"24":{"loc":{"start":{"line":135,"column":20},"end":{"line":135,"column":129}},"type":"binary-expr","locations":[{"start":{"line":135,"column":20},"end":{"line":135,"column":51}},{"start":{"line":135,"column":56},"end":{"line":135,"column":128}}],"line":135},"25":{"loc":{"start":{"line":135,"column":56},"end":{"line":135,"column":128}},"type":"cond-expr","locations":[{"start":{"line":135,"column":102},"end":{"line":135,"column":110}},{"start":{"line":135,"column":113},"end":{"line":135,"column":128}}],"line":135},"26":{"loc":{"start":{"line":136,"column":20},"end":{"line":138,"column":31}},"type":"cond-expr","locations":[{"start":{"line":137,"column":22},"end":{"line":137,"column":79}},{"start":{"line":138,"column":22},"end":{"line":138,"column":31}}],"line":136},"27":{"loc":{"start":{"line":136,"column":20},"end":{"line":136,"column":77}},"type":"binary-expr","locations":[{"start":{"line":136,"column":20},"end":{"line":136,"column":44}},{"start":{"line":136,"column":48},"end":{"line":136,"column":77}}],"line":136},"28":{"loc":{"start":{"line":137,"column":22},"end":{"line":137,"column":79}},"type":"binary-expr","locations":[{"start":{"line":137,"column":22},"end":{"line":137,"column":53}},{"start":{"line":137,"column":57},"end":{"line":137,"column":79}}],"line":137},"29":{"loc":{"start":{"line":141,"column":16},"end":{"line":150,"column":31}},"type":"cond-expr","locations":[{"start":{"line":142,"column":20},"end":{"line":147,"column":23}},{"start":{"line":148,"column":20},"end":{"line":150,"column":31}}],"line":141},"30":{"loc":{"start":{"line":145,"column":24},"end":{"line":145,"column":89}},"type":"cond-expr","locations":[{"start":{"line":145,"column":69},"end":{"line":145,"column":78}},{"start":{"line":145,"column":81},"end":{"line":145,"column":89}}],"line":145},"31":{"loc":{"start":{"line":148,"column":20},"end":{"line":150,"column":31}},"type":"cond-expr","locations":[{"start":{"line":149,"column":22},"end":{"line":149,"column":124}},{"start":{"line":150,"column":22},"end":{"line":150,"column":31}}],"line":148},"32":{"loc":{"start":{"line":148,"column":20},"end":{"line":148,"column":77}},"type":"binary-expr","locations":[{"start":{"line":148,"column":20},"end":{"line":148,"column":44}},{"start":{"line":148,"column":48},"end":{"line":148,"column":77}}],"line":148},"33":{"loc":{"start":{"line":152,"column":36},"end":{"line":152,"column":123}},"type":"cond-expr","locations":[{"start":{"line":152,"column":59},"end":{"line":152,"column":111}},{"start":{"line":152,"column":114},"end":{"line":152,"column":123}}],"line":152},"34":{"loc":{"start":{"line":152,"column":59},"end":{"line":152,"column":111}},"type":"binary-expr","locations":[{"start":{"line":152,"column":59},"end":{"line":152,"column":93}},{"start":{"line":152,"column":97},"end":{"line":152,"column":111}}],"line":152},"35":{"loc":{"start":{"line":154,"column":16},"end":{"line":156,"column":29}},"type":"cond-expr","locations":[{"start":{"line":155,"column":20},"end":{"line":155,"column":128}},{"start":{"line":156,"column":20},"end":{"line":156,"column":29}}],"line":154}},"s":{"0":4,"1":4,"2":4,"3":4,"4":4,"5":4,"6":4,"7":2,"8":2,"9":1,"10":1,"11":4,"12":0,"13":0,"14":0,"15":0,"16":0,"17":4,"18":0,"19":0,"20":0,"21":0,"22":0,"23":3,"24":0,"25":3,"26":1,"27":3,"28":1,"29":3,"30":0,"31":0,"32":0,"33":0,"34":0,"35":0,"36":0,"37":0,"38":1,"39":0,"40":0},"f":{"0":4,"1":4,"2":0,"3":0,"4":0,"5":0,"6":0,"7":0,"8":0,"9":0,"10":3,"11":0,"12":3,"13":1,"14":3,"15":1,"16":3,"17":0,"18":0,"19":0,"20":0,"21":0,"22":0,"23":0,"24":0,"25":1,"26":0,"27":0},"b":{"0":[2,2],"1":[1,1],"2":[3,1],"3":[0,3],"4":[0,3],"5":[3,0],"6":[3,3],"7":[3,3],"8":[1,2],"9":[0,3],"10":[1,2],"11":[1,2],"12":[0,3],"13":[1,2],"14":[1,2],"15":[0,3],"16":[1,2],"17":[0,3],"18":[3,3],"19":[0,0],"20":[0,0],"21":[0,3],"22":[3,3],"23":[1,2],"24":[1,1],"25":[0,1],"26":[2,0],"27":[2,1],"28":[2,2],"29":[1,2],"30":[0,0],"31":[2,0],"32":[2,1],"33":[1,2],"34":[1,1],"35":[1,2]},"_coverageSchema":"1a1c01bbd47fc00a2c39e90264f33305004495a9","hash":"2e060c18aa865ad6a04cbc554df43fc93ad7a2e8"}
,"/Users/jushita/git/myBookClub/my-book-club-ui/components/screens/PickNextScreen.tsx": {"path":"/Users/jushita/git/myBookClub/my-book-club-ui/components/screens/PickNextScreen.tsx","statementMap":{"0":{"start":{"line":21,"column":38},"end":{"line":21,"column":57}},"1":{"start":{"line":22,"column":42},"end":{"line":22,"column":69}},"2":{"start":{"line":23,"column":54},"end":{"line":23,"column":69}},"3":{"start":{"line":24,"column":27},"end":{"line":25,"column":77}},"4":{"start":{"line":25,"column":4},"end":{"line":25,"column":77}},"5":{"start":{"line":26,"column":30},"end":{"line":29,"column":11}},"6":{"start":{"line":30,"column":34},"end":{"line":85,"column":3}},"7":{"start":{"line":31,"column":4},"end":{"line":84,"column":11}},"8":{"start":{"line":50,"column":34},"end":{"line":55,"column":11}},"9":{"start":{"line":56,"column":25},"end":{"line":56,"column":134}},"10":{"start":{"line":56,"column":89},"end":{"line":56,"column":133}},"11":{"start":{"line":61,"column":34},"end":{"line":65,"column":11}},"12":{"start":{"line":67,"column":12},"end":{"line":73,"column":13}},"13":{"start":{"line":72,"column":20},"end":{"line":72,"column":60}},"14":{"start":{"line":87,"column":26},"end":{"line":97,"column":3}},"15":{"start":{"line":88,"column":4},"end":{"line":88,"column":26}},"16":{"start":{"line":89,"column":4},"end":{"line":89,"column":32}},"17":{"start":{"line":90,"column":4},"end":{"line":96,"column":9}},"18":{"start":{"line":92,"column":8},"end":{"line":92,"column":58}},"19":{"start":{"line":95,"column":8},"end":{"line":95,"column":37}},"20":{"start":{"line":99,"column":2},"end":{"line":419,"column":4}},"21":{"start":{"line":109,"column":12},"end":{"line":124,"column":24}},"22":{"start":{"line":111,"column":38},"end":{"line":115,"column":15}},"23":{"start":{"line":116,"column":29},"end":{"line":116,"column":66}},"24":{"start":{"line":137,"column":14},"end":{"line":140,"column":21}},"25":{"start":{"line":144,"column":36},"end":{"line":148,"column":13}},"26":{"start":{"line":182,"column":38},"end":{"line":187,"column":15}},"27":{"start":{"line":197,"column":16},"end":{"line":211,"column":28}},"28":{"start":{"line":199,"column":42},"end":{"line":203,"column":19}},"29":{"start":{"line":204,"column":33},"end":{"line":204,"column":67}},"30":{"start":{"line":228,"column":22},"end":{"line":234,"column":24}},"31":{"start":{"line":237,"column":44},"end":{"line":237,"column":111}},"32":{"start":{"line":239,"column":22},"end":{"line":249,"column":24}},"33":{"start":{"line":260,"column":22},"end":{"line":274,"column":26}},"34":{"start":{"line":262,"column":26},"end":{"line":272,"column":36}},"35":{"start":{"line":288,"column":22},"end":{"line":294,"column":24}},"36":{"start":{"line":320,"column":14},"end":{"line":327,"column":26}},"37":{"start":{"line":322,"column":40},"end":{"line":322,"column":102}},"38":{"start":{"line":323,"column":31},"end":{"line":323,"column":65}},"39":{"start":{"line":332,"column":38},"end":{"line":337,"column":15}},"40":{"start":{"line":349,"column":31},"end":{"line":349,"column":66}},"41":{"start":{"line":352,"column":18},"end":{"line":354,"column":19}},"42":{"start":{"line":353,"column":20},"end":{"line":353,"column":74}},"43":{"start":{"line":358,"column":18},"end":{"line":360,"column":19}},"44":{"start":{"line":359,"column":20},"end":{"line":359,"column":78}},"45":{"start":{"line":383,"column":36},"end":{"line":387,"column":13}},"46":{"start":{"line":405,"column":18},"end":{"line":408,"column":20}},"47":{"start":{"line":417,"column":120},"end":{"line":417,"column":141}}},"fnMap":{"0":{"name":"PickNextScreen","decl":{"start":{"line":20,"column":16},"end":{"line":20,"column":30}},"loc":{"start":{"line":20,"column":72},"end":{"line":420,"column":1}},"line":20},"1":{"name":"(anonymous_1)","decl":{"start":{"line":24,"column":27},"end":{"line":24,"column":28}},"loc":{"start":{"line":25,"column":4},"end":{"line":25,"column":77}},"line":25},"2":{"name":"(anonymous_2)","decl":{"start":{"line":30,"column":34},"end":{"line":30,"column":35}},"loc":{"start":{"line":31,"column":4},"end":{"line":84,"column":11}},"line":31},"3":{"name":"(anonymous_3)","decl":{"start":{"line":50,"column":17},"end":{"line":50,"column":18}},"loc":{"start":{"line":50,"column":34},"end":{"line":55,"column":11}},"line":50},"4":{"name":"(anonymous_4)","decl":{"start":{"line":56,"column":19},"end":{"line":56,"column":20}},"loc":{"start":{"line":56,"column":25},"end":{"line":56,"column":134}},"line":56},"5":{"name":"(anonymous_5)","decl":{"start":{"line":56,"column":83},"end":{"line":56,"column":84}},"loc":{"start":{"line":56,"column":89},"end":{"line":56,"column":133}},"line":56},"6":{"name":"(anonymous_6)","decl":{"start":{"line":61,"column":17},"end":{"line":61,"column":18}},"loc":{"start":{"line":61,"column":34},"end":{"line":65,"column":11}},"line":61},"7":{"name":"(anonymous_7)","decl":{"start":{"line":66,"column":19},"end":{"line":66,"column":20}},"loc":{"start":{"line":67,"column":12},"end":{"line":73,"column":13}},"line":67},"8":{"name":"(anonymous_8)","decl":{"start":{"line":72,"column":14},"end":{"line":72,"column":15}},"loc":{"start":{"line":72,"column":20},"end":{"line":72,"column":60}},"line":72},"9":{"name":"(anonymous_9)","decl":{"start":{"line":87,"column":26},"end":{"line":87,"column":27}},"loc":{"start":{"line":87,"column":42},"end":{"line":97,"column":3}},"line":87},"10":{"name":"(anonymous_10)","decl":{"start":{"line":91,"column":12},"end":{"line":91,"column":13}},"loc":{"start":{"line":91,"column":25},"end":{"line":93,"column":7}},"line":91},"11":{"name":"(anonymous_11)","decl":{"start":{"line":94,"column":15},"end":{"line":94,"column":16}},"loc":{"start":{"line":94,"c
[...]
":167,"column":8},"end":{"line":365,"column":15}},{"start":{"line":366,"column":10},"end":{"line":366,"column":14}}],"line":166},"21":{"loc":{"start":{"line":185,"column":16},"end":{"line":185,"column":69}},"type":"cond-expr","locations":[{"start":{"line":185,"column":38},"end":{"line":185,"column":62}},{"start":{"line":185,"column":65},"end":{"line":185,"column":69}}],"line":185},"22":{"loc":{"start":{"line":186,"column":16},"end":{"line":186,"column":63}},"type":"cond-expr","locations":[{"start":{"line":186,"column":26},"end":{"line":186,"column":56}},{"start":{"line":186,"column":59},"end":{"line":186,"column":63}}],"line":186},"23":{"loc":{"start":{"line":194,"column":11},"end":{"line":219,"column":18}},"type":"cond-expr","locations":[{"start":{"line":195,"column":12},"end":{"line":218,"column":19}},{"start":{"line":219,"column":14},"end":{"line":219,"column":18}}],"line":194},"24":{"loc":{"start":{"line":201,"column":20},"end":{"line":201,"column":98}},"type":"cond-expr","locations":[{"start":{"line":201,"column":60},"end":{"line":201,"column":91}},{"start":{"line":201,"column":94},"end":{"line":201,"column":98}}],"line":201},"25":{"loc":{"start":{"line":202,"column":20},"end":{"line":202,"column":58}},"type":"cond-expr","locations":[{"start":{"line":202,"column":30},"end":{"line":202,"column":51}},{"start":{"line":202,"column":54},"end":{"line":202,"column":58}}],"line":202},"26":{"loc":{"start":{"line":213,"column":15},"end":{"line":217,"column":15}},"type":"cond-expr","locations":[{"start":{"line":214,"column":16},"end":{"line":214,"column":85}},{"start":{"line":216,"column":16},"end":{"line":216,"column":97}}],"line":213},"27":{"loc":{"start":{"line":225,"column":17},"end":{"line":313,"column":17}},"type":"cond-expr","locations":[{"start":{"line":226,"column":18},"end":{"line":284,"column":21}},{"start":{"line":286,"column":18},"end":{"line":312,"column":21}}],"line":225},"28":{"loc":{"start":{"line":231,"column":30},"end":{"line":231,"column":111}},"type":"cond-expr","locations":[{"start":{"line":231,"column":71},"end":{"line":231,"column":98}},{"start":{"line":231,"column":101},"end":{"line":231,"column":111}}],"line":231},"29":{"loc":{"start":{"line":266,"column":34},"end":{"line":266,"column":96}},"type":"cond-expr","locations":[{"start":{"line":266,"column":75},"end":{"line":266,"column":84}},{"start":{"line":266,"column":87},"end":{"line":266,"column":96}}],"line":266},"30":{"loc":{"start":{"line":315,"column":15},"end":{"line":315,"column":115}},"type":"cond-expr","locations":[{"start":{"line":315,"column":45},"end":{"line":315,"column":108}},{"start":{"line":315,"column":111},"end":{"line":315,"column":115}}],"line":315},"31":{"loc":{"start":{"line":322,"column":63},"end":{"line":322,"column":101}},"type":"cond-expr","locations":[{"start":{"line":322,"column":73},"end":{"line":322,"column":94}},{"start":{"line":322,"column":97},"end":{"line":322,"column":101}}],"line":322},"32":{"loc":{"start":{"line":330,"column":11},"end":{"line":343,"column":18}},"type":"cond-expr","locations":[{"start":{"line":331,"column":12},"end":{"line":342,"column":24}},{"start":{"line":343,"column":14},"end":{"line":343,"column":18}}],"line":330},"33":{"loc":{"start":{"line":335,"column":16},"end":{"line":335,"column":69}},"type":"cond-expr","locations":[{"start":{"line":335,"column":38},"end":{"line":335,"column":62}},{"start":{"line":335,"column":65},"end":{"line":335,"column":69}}],"line":335},"34":{"loc":{"start":{"line":336,"column":16},"end":{"line":336,"column":63}},"type":"cond-expr","locations":[{"start":{"line":336,"column":26},"end":{"line":336,"column":56}},{"start":{"line":336,"column":59},"end":{"line":336,"column":63}}],"line":336},"35":{"loc":{"start":{"line":341,"column":57},"end":{"line":341,"column":107}},"type":"cond-expr","locations":[{"start":{"line":341,"column":79},"end":{"line":341,"column":92}},{"start":{"line":341,"column":95},"end":{"line":341,"column":107}}],"line":341},"36":{"loc":{"start":{"line":344,"column":11},"end":{"line":364,"column":18}},"type":"cond-expr","locations":[{"start":{"line":345,"column":12},"end":{"line":363,"column":19}},{"start":{"line":364,"column":14},"end":{"line":364,"column":18}}],"line":344},"37":{"loc":{"start":{"line":350,"column":29},"end":{"line":350,"column":112}},"type":"binary-expr","locations":[{"start":{"line":350,"column":29},"end":{"line":350,"column":58}},{"start":{"line":350,"column":63},"end":{"line":350,"column":111}}],"line":350},"38":{"loc":{"start":{"line":350,"column":63},"end":{"line":350,"column":111}},"type":"cond-expr","locations":[{"start":{"line":350,"column":85},"end":{"line":350,"column":93}},{"start":{"line":350,"column":96},"end":{"line":350,"column":111}}],"line":350},"39":{"loc":{"start":{"line":352,"column":62},"end":{"line":352,"column":104}},"type":"cond-expr","locations":[{"start":{"line":352,"column":84},"end":{"line":352,"column":93}},{"start":{"line":352,"column":96},"end":{"line":352,"column":104}}],"line":352},"40":{"loc":{"start":{"line":356,"column":38},"end":{"line":356,"column":85}},"type":"binary-expr","locations":[{"start":{"line":356,"column":38},"end":{"line":356,"column":67}},{"start":{"line":356,"column":71},"end":{"line":356,"column":85}}],"line":356},"41":{"loc":{"start":{"line":368,"column":7},"end":{"line":416,"column":14}},"type":"cond-expr","locations":[{"start":{"line":369,"column":8},"end":{"line":415,"column":15}},{"start":{"line":416,"column":10},"end":{"line":416,"column":14}}],"line":368},"42":{"loc":{"start":{"line":386,"column":14},"end":{"line":386,"column":61}},"type":"cond-expr","locations":[{"start":{"line":386,"column":24},"end":{"line":386,"column":54}},{"start":{"line":386,"column":57},"end":{"line":386,"column":61}}],"line":386},"43":{"loc":{"start":{"line":392,"column":11},"end":{"line":400,"column":18}},"type":"cond-expr","locations":[{"start":{"line":393,"column":12},"end":{"line":399,"column":19}},{"start":{"line":400,"column":14},"end":{"line":400,"column":18}}],"line":392},"44":{"loc":{"start":{"line":401,"column":11},"end":{"line":414,"column":18}},"type":"cond-expr","locations":[{"start":{"line":402,"column":12},"end":{"line":413,"column":13}},{"start":{"line":414,"column":14},"end":{"line":414,"column":18}}],"line":401},"45":{"loc":{"start":{"line":402,"column":12},"end":{"line":413,"column":13}},"type":"cond-expr","locations":[{"start":{"line":403,"column":14},"end":{"line":410,"column":21}},{"start":{"line":412,"column":14},"end":{"line":412,"column":101}}],"line":402},"46":{"loc":{"start":{"line":407,"column":33},"end":{"line":407,"column":75}},"type":"cond-expr","locations":[{"start":{"line":407,"column":47},"end":{"line":407,"column":56}},{"start":{"line":407,"column":59},"end":{"line":407,"column":75}}],"line":407}},"s":{"0":3,"1":3,"2":3,"3":3,"4":2,"5":3,"6":3,"7":1,"8":1,"9":0,"10":0,"11":1,"12":0,"13":0,"14":3,"15":0,"16":0,"17":0,"18":0,"19":0,"20":3,"21":9,"22":9,"23":2,"24":1,"25":1,"26":1,"27":1,"28":1,"29":1,"30":0,"31":0,"32":0,"33":0,"34":0,"35":3,"36":2,"37":2,"38":1,"39":1,"40":0,"41":0,"42":0,"43":0,"44":0,"45":1,"46":1,"47":0},"f":{"0":3,"1":2,"2":1,"3":1,"4":0,"5":0,"6":1,"7":0,"8":0,"9":0,"10":0,"11":0,"12":9,"13":9,"14":2,"15":1,"16":1,"17":1,"18":1,"19":1,"20":1,"21":0,"22":0,"23":0,"24":0,"25":3,"26":2,"27":2,"28":1,"29":1,"30":0,"31":0,"32":0,"33":0,"34":0,"35":1,"36":1,"37":0},"b":{"0":[1,2],"1":[1,1],"2":[1,0],"3":[1,0],"4":[0,1],"5":[1,1],"6":[0,1],"7":[0,0],"8":[0,0],"9":[1,1],"10":[0,1],"11":[1,1],"12":[3,6],"13":[0,9],"14":[3,6],"15":[3,6],"16":[1,2],"17":[1,0],"18":[0,1],"19":[1,0],"20":[1,2],"21":[0,1],"22":[0,1],"23":[1,0],"24":[1,0],"25":[0,1],"26":[0,1],"27":[0,1],"28":[0,0],"29":[0,0],"30":[1,0],"31":[0,2],"32":[1,0],"33":[0,1],"34":[0,1],"35":[0,1],"36":[1,0],"37":[1,1],"38":[0,1],"39":[0,0],"40":[1,1],"41":[1,2],"42":[0,1],"43":[0,1],"44":[1,0],"45":[1,0],"46":[1,0]},"_coverageSchema":"1a1c01bbd47fc00a2c39e90264f33305004495a9","hash":"3700faf9081ec796b486c9983cf218268ba54996"}
,"/Users/jushita/git/myBookClub/my-book-club-ui/components/screens/ProfileScreen.tsx": {"path":"/Users/jushita/git/myBookClub/my-book-club-ui/components/screens/ProfileScreen.tsx","statementMap":{"0":{"start":{"line":14,"column":2},"end":{"line":38,"column":3}},"1":{"start":{"line":15,"column":4},"end":{"line":37,"column":6}},"2":{"start":{"line":40,"column":2},"end":{"line":127,"column":4}},"3":{"start":{"line":65,"column":29},"end":{"line":65,"column":63}},"4":{"start":{"line":73,"column":29},"end":{"line":73,"column":64}}},"fnMap":{"0":{"name":"ProfileScreen","decl":{"start":{"line":13,"column":16},"end":{"line":13,"column":29}},"loc":{"start":{"line":13,"column":70},"end":{"line":128,"column":1}},"line":13},"1":{"name":"(anonymous_1)","decl":{"start":{"line":65,"column":23},"end":{"line":65,"column":24}},"loc":{"start":{"line":65,"column":29},"end":{"line":65,"column":63}},"line":65},"2":{"name":"(anonymous_2)","decl":{"start":{"line":73,"column":23},"end":{"line":73,"column":24}},"loc":{"start":{"line":73,"column":29},"end":{"line":73,"column":64}},"line":73}},"branchMap":{"0":{"loc":{"start":{"line":14,"column":2},"end":{"line":38,"column":3}},"type":"if","locations":[{"start":{"line":14,"column":2},"end":{"line":38,"column":3}},{"start":{},"end":{}}],"line":14},"1":{"loc":{"start":{"line":54,"column":64},"end":{"line":54,"column":121}},"type":"cond-expr","locations":[{"start":{"line":54,"column":90},"end":{"line":54,"column":114}},{"start":{"line":54,"column":117},"end":{"line":54,"column":121}}],"line":54},"2":{"loc":{"start":{"line":56,"column":20},"end":{"line":56,"column":64}},"type":"binary-expr","locations":[{"start":{"line":56,"column":20},"end":{"line":56,"column":43}},{"start":{"line":56,"column":47},"end":{"line":56,"column":64}}],"line":56},"3":{"loc":{"start":{"line":58,"column":53},"end":{"line":58,"column":110}},"type":"cond-expr","locations":[{"start":{"line":58,"column":73},"end":{"line":58,"column":85}},{"start":{"line":58,"column":88},"end":{"line":58,"column":110}}],"line":58},"4":{"loc":{"start":{"line":64,"column":52},"end":{"line":64,"column":127}},"type":"cond-expr","locations":[{"start":{"line":64,"column":86},"end":{"line":64,"column":120}},{"start":{"line":64,"column":123},"end":{"line":64,"column":127}}],"line":64},"5":{"loc":{"start":{"line":67,"column":56},"end":{"line":67,"column":129}},"type":"cond-expr","locations":[{"start":{"line":67,"column":90},"end":{"line":67,"column":122}},{"start":{"line":67,"column":125},"end":{"line":67,"column":129}}],"line":67},"6":{"loc":{"start":{"line":72,"column":52},"end":{"line":72,"column":128}},"type":"cond-expr","locations":[{"start":{"line":72,"column":87},"end":{"line":72,"column":121}},{"start":{"line":72,"column":124},"end":{"line":72,"column":128}}],"line":72},"7":{"loc":{"start":{"line":75,"column":56},"end":{"line":75,"column":130}},"type":"cond-expr","locations":[{"start":{"line":75,"column":91},"end":{"line":75,"column":123}},{"start":{"line":75,"column":126},"end":{"line":75,"column":130}}],"line":75},"8":{"loc":{"start":{"line":81,"column":11},"end":{"line":90,"column":18}},"type":"cond-expr","locations":[{"start":{"line":82,"column":12},"end":{"line":89,"column":14}},{"start":{"line":90,"column":14},"end":{"line":90,"column":18}}],"line":81},"9":{"loc":{"start":{"line":112,"column":66},"end":{"line":112,"column":117}},"type":"cond-expr","locations":[{"start":{"line":112,"column":86},"end":{"line":112,"column":110}},{"start":{"line":112,"column":113},"end":{"line":112,"column":117}}],"line":112},"10":{"loc":{"start":{"line":117,"column":15},"end":{"line":117,"column":112}},"type":"cond-expr","locations":[{"start":{"line":117,"column":35},"end":{"line":117,"column":47}},{"start":{"line":117,"column":50},"end":{"line":117,"column":112}}],"line":117},"11":{"loc":{"start":{"line":117,"column":50},"end":{"line":117,"column":112}},"type":"cond-expr","locations":[{"start":{"line":117,"column":85},"end":{"line":117,"column":101}},{"start":{"line":117,"column":104},"end":{"line":117,"column":112}}],"line":117}},"s":{"0":2,"1":1,"2":1,"3":1,"4":0},"f":{"0":2,"1":1,"2":0},"b":{"0":[1,1],"1":[0,1],"2":[1,1],"3":[0,1],"4":[0,1],"5":[0,1],"6":[1,0],"7":[1,0],"8":[1,0],"9":[0,1],"10":[0,1],"11":[1,0]},"_coverageSchema":"1a1c01bbd47fc00a2c39e90264f33305004495a9","hash":"ef6c051f83d0d4fd7683e077608a26dc3fed39dd"}
,"/Users/jushita/git/myBookClub/my-book-club-ui/components/screens/SearchScreen.tsx": {"path":"/Users/jushita/git/myBookClub/my-book-club-ui/components/screens/SearchScreen.tsx","statementMap":{"0":{"start":{"line":10,"column":2},"end":{"line":10,"column":73}},"1":{"start":{"line":19,"column":38},"end":{"line":19,"column":57}},"2":{"start":{"line":20,"column":30},"end":{"line":23,"column":11}},"3":{"start":{"line":24,"column":31},"end":{"line":27,"column":11}},"4":{"start":{"line":29,"column":2},"end":{"line":117,"column":4}},"5":{"start":{"line":44,"column":12},"end":{"line":58,"column":24}},"6":{"start":{"line":46,"column":38},"end":{"line":50,"column":15}},"7":{"start":{"line":51,"column":29},"end":{"line":51,"column":58}},"8":{"start":{"line":77,"column":44},"end":{"line":80,"column":21}},"9":{"start":{"line":94,"column":20},"end":{"line":96,"column":21}},"10":{"start":{"line":95,"column":22},"end":{"line":95,"column":84}},"11":{"start":{"line":100,"column":20},"end":{"line":102,"column":21}},"12":{"start":{"line":101,"column":22},"end":{"line":101,"column":81}},"13":{"start":{"line":106,"column":20},"end":{"line":108,"column":21}},"14":{"start":{"line":107,"column":22},"end":{"line":107,"column":80}}},"fnMap":{"0":{"name":"getBookLookupKey","decl":{"start":{"line":9,"column":9},"end":{"line":9,"column":25}},"loc":{"start":{"line":9,"column":57},"end":{"line":11,"column":1}},"line":9},"1":{"name":"SearchScreen","decl":{"start":{"line":18,"column":16},"end":{"line":18,"column":28}},"loc":{"start":{"line":18,"column":68},"end":{"line":118,"column":1}},"line":18},"2":{"name":"(anonymous_2)","decl":{"start":{"line":43,"column":53},"end":{"line":43,"column":54}},"loc":{"start":{"line":44,"column":12},"end":{"line":58,"column":24}},"line":44},"3":{"name":"(anonymous_3)","decl":{"start":{"line":46,"column":21},"end":{"line":46,"column":22}},"loc":{"start":{"line":46,"column":38},"end":{"line":50,"column":15}},"line":46},"4":{"name":"(anonymous_4)","decl":{"start":{"line":51,"column":23},"end":{"line":51,"column":24}},"loc":{"start":{"line":51,"column":29},"end":{"line":51,"column":58}},"line":51},"5":{"name":"(anonymous_5)","decl":{"start":{"line":77,"column":27},"end":{"line":77,"column":28}},"loc":{"start":{"line":77,"column":44},"end":{"line":80,"column":21}},"line":77},"6":{"name":"(anonymous_6)","decl":{"start":{"line":93,"column":33},"end":{"line":93,"column":34}},"loc":{"start":{"line":94,"column":20},"end":{"line":96,"column":21}},"line":94},"7":{"name":"(anonymous_7)","decl":{"start":{"line":94,"column":65},"end":{"line":94,"column":66}},"loc":{"start":{"line":95,"column":22},"end":{"line":95,"column":84}},"line":95},"8":{"name":"(anonymous_8)","decl":{"start":{"line":99,"column":42},"end":{"line":99,"column":43}},"loc":{"start":{"line":100,"column":20},"end":{"line":102,"column":21}},"line":100},"9":{"name":"(anonymous_9)","decl":{"start":{"line":100,"column":72},"end":{"line":100,"column":73}},"loc":{"start":{"line":101,"column":22},"end":{"line":101,"column":81}},"line":101},"10":{"name":"(anonymous_10)","decl":{"start":{"line":105,"column":41},"end":{"line":105,"column":42}},"loc":{"start":{"line":106,"column":20},"end":{"line":108,"column":21}},"line":106},"11":{"name":"(anonymous_11)","decl":{"start":{"line":106,"column":101},"end":{"line":106,"column":102}},"loc":{"start":{"line":107,"column":22},"end":{"line":107,"column":80}},"line":107}},"branchMap":{"0":{"loc":{"start":{"line":20,"column":30},"end":{"line":23,"column":11}},"type":"cond-expr","locations":[{"start":{"line":21,"column":6},"end":{"line":22,"column":123}},{"start":{"line":23,"column":6},"end":{"line":23,"column":11}}],"line":20},"1":{"loc":{"start":{"line":21,"column":6},"end":{"line":22,"column":123}},"type":"binary-expr","locations":[{"start":{"line":21,"column":6},"end":{"line":21,"column":68}},{"start":{"line":22,"column":6},"end":{"line":22,"column":123}}],"line":21},"2":{"loc":{"start":{"line":24,"column":31},"end":{"line":27,"column":11}},"type":"cond-expr","locations":[{"start":{"line":25,"column":6},"end":{"line":26,"column":125}},{"start":{"line":27,"column":6},"end":{"line":27,"column":11}}],"line":24},"3":{"loc":{"start":{"line":25,"column":6},"end":{"line":26,"column":125}},"type":"binary-expr","locations":[{"start":{"line":25,"column":6},"end":{"line":25,"column":63}},{"start":{"line":26,"column":6},"end":{"line":26,"column":125}}],"line":25},"4":{"loc":{"start":{"line":48,"column":16},"end":{"line":48,"column":97}},"type":"cond-expr","locations":[{"start":{"line":48,"column":59},"end":{"line":48,"column":90}},{"start":{"line":48,"column":93},"end":{"line":48,"column":97}}],"line":48},"5":{"loc":{"start":{"line":49,"column":16},"end":{"line":49,"column":54}},"type":"cond-expr","locations":[{"start":{"line":49,"column":26},"end":{"line":49,"column":47}},{"start":{"line":49,"column":50},"end":{"line":49,"column":54}}],"line":49},"6":{"loc":{"start":{"line":60,"column":11},"end":{"line":60,"column":128}},"type":"cond-expr","locations":[{"start":{"line":60,"column":52},"end":{"line":60,"column":121}},{"start":{"line":60,"column":124},"end":{"line":60,"column":128}}],"line":60},"7":{"loc":{"start":{"line":72,"column":13},"end":{"line":112,"column":20}},"type":"cond-expr","locations":[{"start":{"line":73,"column":14},"end":{"line":111,"column":17}},{"start":{"line":112,"column":16},"end":{"line":112,"column":20}}],"line":72},"8":{"loc":{"start":{"line":79,"column":22},"end":{"line":79,"column":71}},"type":"cond-expr","locations":[{"start":{"line":79,"column":32},"end":{"line":79,"column":64}},{"start":{"line":79,"column":67},"end":{"line":79,"column":71}}],"line":79},"9":{"loc":{"start":{"line":90,"column":27},"end":{"line":90,"column":125}},"type":"cond-expr","locations":[{"start":{"line":90,"column":49},"end":{"line":90,"column":92}},{"start":{"line":90,"column":95},"end":{"line":90,"column":125}}],"line":90},"10":{"loc":{"start":{"line":92,"column":31},"end":{"line":92,"column":70}},"type":"binary-expr","locations":[{"start":{"line":92,"column":31},"end":{"line":92,"column":52}},{"start":{"line":92,"column":56},"end":{"line":92,"column":70}}],"line":92},"11":{"loc":{"start":{"line":98,"column":40},"end":{"line":98,"column":79}},"type":"binary-expr","locations":[{"start":{"line":98,"column":40},"end":{"line":98,"column":65}},{"start":{"line":98,"column":69},"end":{"line":98,"column":79}}],"line":98},"12":{"loc":{"start":{"line":104,"column":39},"end":{"line":104,"column":115}},"type":"binary-expr","locations":[{"start":{"line":104,"column":39},"end":{"line":104,"column":60}},{"start":{"line":104,"column":65},"end":{"line":104,"column":114}}],"line":104},"13":{"loc":{"start":{"line":104,"column":65},"end":{"line":104,"column":114}},"type":"cond-expr","locations":[{"start":{"line":104,"column":88},"end":{"line":104,"column":96}},{"start":{"line":104,"column":99},"end":{"line":104,"column":114}}],"line":104},"14":{"loc":{"start":{"line":106,"column":56},"end":{"line":106,"column":99}},"type":"cond-expr","locations":[{"start":{"line":106,"column":79},"end":{"line":106,"column":88}},{"start":{"line":106,"column":91},"end":{"line":106,"column":99}}],"line":106}},"s":{"0":0,"1":2,"2":2,"3":2,"4":2,"5":2,"6":2,"7":1,"8":1,"9":0,"10":0,"11":0,"12":0,"13":0,"14":0},"f":{"0":0,"1":2,"2":2,"3":2,"4":1,"5":1,"6":0,"7":0,"8":0,"9":0,"10":0,"11":0},"b":{"0":[1,1],"1":[1,0],"2":[1,1],"3":[1,0],"4":[1,1],"5":[0,2],"6":[0,2],"7":[1,1],"8":[0,1],"9":[1,0],"10":[1,1],"11":[1,1],"12":[1,1],"13":[1,0],"14":[0,0]},"_coverageSchema":"1a1c01bbd47fc00a2c39e90264f33305004495a9","hash":"2a7c515f1780362acfa806f90e09461002eb69f4"}
}
