TN:
SF:components/BookCard.tsx
FN:19,BookCard
FN:38,(anonymous_1)
FN:46,(anonymous_2)
FN:88,(anonymous_3)
FN:98,(anonymous_4)
FN:106,(anonymous_5)
FN:114,(anonymous_6)
FNF:7
FNH:7
FNDA:2,BookCard
FNDA:4,(anonymous_1)
FNDA:2,(anonymous_2)
FNDA:1,(anonymous_3)
FNDA:1,(anonymous_4)
FNDA:1,(anonymous_5)
FNDA:1,(anonymous_6)
DA:31,2
DA:32,2
DA:33,2
DA:34,2
DA:38,4
DA:41,2
DA:46,2
DA:88,1
DA:98,1
DA:106,1
DA:114,1
DA:127,1
LF:12
LH:12
BRDA:21,0,0,2
BRDA:32,1,0,2
BRDA:32,1,1,0
BRDA:32,2,0,0
BRDA:32,2,1,0
BRDA:32,3,0,0
BRDA:32,3,1,0
BRDA:33,4,0,2
BRDA:33,4,1,0
BRDA:38,5,0,4
BRDA:38,5,1,0
BRDA:46,6,0,0
BRDA:46,6,1,2
BRDA:46,7,0,2
BRDA:46,7,1,1
BRDA:49,8,0,2
BRDA:49,8,1,0
BRDA:54,9,0,0
BRDA:54,9,1,0
BRDA:56,10,0,0
BRDA:56,10,1,0
BRDA:68,11,0,2
BRDA:68,11,1,0
BRDA:81,12,0,1
BRDA:81,12,1,1
BRDA:81,13,0,2
BRDA:81,13,1,1
BRDA:81,13,2,1
BRDA:81,13,3,0
BRDA:81,13,4,1
BRDA:81,13,5,0
BRDA:86,14,0,1
BRDA:86,14,1,0
BRDA:88,15,0,0
BRDA:88,15,1,1
BRDA:96,16,0,1
BRDA:96,16,1,0
BRDA:96,17,0,1
BRDA:96,17,1,1
BRDA:98,18,0,0
BRDA:98,18,1,1
BRDA:104,19,0,1
BRDA:104,19,1,0
BRDA:104,20,0,1
BRDA:104,20,1,1
BRDA:106,21,0,0
BRDA:106,21,1,1
BRDA:112,22,0,1
BRDA:112,22,1,0
BRDA:112,23,0,1
BRDA:112,23,1,1
BRDA:114,24,0,0
BRDA:114,24,1,1
BRF:53
BRH:29
end_of_record
TN:
SF:components/BookDetailsModal.tsx
FN:15,BookDetailsModal
FN:27,(anonymous_1)
FNF:2
FNH:2
FNDA:2,BookDetailsModal
FNDA:2,(anonymous_1)
DA:16,2
DA:17,2
DA:18,2
DA:20,2
DA:27,2
LF:5
LH:5
BRDA:15,0,0,1
BRDA:16,1,0,1
BRDA:16,1,1,1
BRDA:17,2,0,2
BRDA:17,2,1,1
BRDA:17,2,2,1
BRDA:17,2,3,1
BRDA:18,3,0,2
BRDA:18,3,1,1
BRDA:27,4,0,0
BRDA:27,4,1,2
BRDA:34,5,0,1
BRDA:34,5,1,1
BRDA:42,6,0,1
BRDA:42,6,1,0
BRDA:46,7,0,1
BRDA:46,7,1,0
BRDA:56,8,0,1
BRDA:56,8,1,0
BRDA:57,9,0,1
BRDA:57,9,1,0
BRDA:59,10,0,1
BRDA:59,10,1,0
BRDA:60,11,0,1
BRDA:60,11,1,0
BRDA:60,12,0,1
BRDA:60,12,1,1
BRDA:61,13,0,1
BRDA:61,13,1,0
BRF:29
BRH:21
end_of_record
TN:
SF:components/common/Card.tsx
FN:10,Card
FNF:1
FNH:1
FNDA:33,Card
DA:11,33
LF:1
LH:1
BRDA:10,0,0,16
BRDA:11,1,0,17
BRDA:11,1,1,16
BRF:3
BRH:3
end_of_record
TN:
SF:components/common/GuestAccessCard.tsx
FN:14,GuestAccessCard
FN:28,(anonymous_1)
FN:39,(anonymous_2)
FNF:3
FNH:3
FNDA:4,GuestAccessCard
FNDA:4,(anonymous_1)
FNDA:4,(anonymous_2)
DA:21,4
DA:28,4
DA:39,4
LF:3
LH:3
BRDA:17,0,0,2
BRDA:32,1,0,0
BRDA:32,1,1,4
BRDA:42,2,0,0
BRDA:42,2,1,4
BRF:5
BRH:3
end_of_record
TN:
SF:components/common/NavButton.tsx
FN:12,NavButton
FN:15,(anonymous_1)
FNF:2
FNH:2
FNDA:6,NavButton
FNDA:6,(anonymous_1)
DA:13,6
DA:15,6
LF:2
LH:2
BRDA:17,0,0,2
BRDA:17,0,1,4
BRDA:18,1,0,0
BRDA:18,1,1,6
BRDA:22,2,0,2
BRDA:22,2,1,4
BRDA:23,3,0,2
BRDA:23,3,1,4
BRF:8
BRH:7
end_of_record
TN:
SF:components/common/Stat.tsx
FN:10,Stat
FNF:1
FNH:1
FNDA:7,Stat
DA:11,7
LF:1
LH:1
BRF:0
BRH:0
end_of_record
TN:
SF:components/layout/AppHeader.tsx
FN:11,AppHeader
FNF:1
FNH:1
FNDA:2,AppHeader
DA:12,2
LF:1
LH:1
BRDA:17,0,0,1
BRDA:17,0,1,1
BRDA:20,1,0,1
BRDA:20,1,1,1
BRF:4
BRH:4
end_of_record
TN:
SF:components/navigation/AppNavigator.tsx
FN:21,AppNavigator
FN:38,(anonymous_1)
FN:39,(anonymous_2)
FN:40,(anonymous_3)
FN:41,(anonymous_4)
FN:42,(anonymous_5)
FNF:6
FNH:5
FNDA:1,AppNavigator
FNDA:1,(anonymous_1)
FNDA:1,(anonymous_2)
FNDA:0,(anonymous_3)
FNDA:1,(anonymous_4)
FNDA:1,(anonymous_5)
DA:26,1
DA:38,1
DA:39,1
DA:40,0
DA:41,1
DA:42,1
LF:6
LH:5
BRDA:29,0,0,0
BRDA:29,0,1,1
BRDA:30,1,0,0
BRDA:30,1,1,1
BRDA:31,2,0,1
BRDA:31,2,1,0
BRDA:32,3,0,0
BRDA:32,3,1,1
BRDA:33,4,0,0
BRDA:33,4,1,1
BRDA:34,5,0,0
BRDA:34,5,1,1
BRF:12
BRH:6
end_of_record
TN:
SF:components/screens/ClubsScreen.tsx
FN:15,ClubsScreen
FN:67,(anonymous_1)
FN:80,(anonymous_2)
FN:108,(anonymous_3)
FN:111,(anonymous_4)
FN:116,(anonymous_5)
FN:132,(anonymous_6)
FN:142,(anonymous_7)
FN:155,(anonymous_8)
FN:175,(anonymous_9)
FN:186,(anonymous_10)
FN:189,(anonymous_11)
FN:194,(anonymous_12)
FN:223,(anonymous_13)
FN:242,(anonymous_14)
FN:268,(anonymous_15)
FN:285,(anonymous_16)
FN:319,(anonymous_17)
FN:341,(anonymous_18)
FN:353,(anonymous_19)
FN:370,(anonymous_20)
FN:381,(anonymous_21)
FN:394,(anonymous_22)
FNF:23
FNH:20
FNDA:4,ClubsScreen
FNDA:1,(anonymous_1)
FNDA:1,(anonymous_2)
FNDA:1,(anonymous_3)
FNDA:1,(anonymous_4)
FNDA:1,(anonymous_5)
FNDA:1,(anonymous_6)
FNDA:1,(anonymous_7)
FNDA:1,(anonymous_8)
FNDA:1,(anonymous_9)
FNDA:0,(anonymous_10)
FNDA:0,(anonymous_11)
FNDA:0,(anonymous_12)
FNDA:1,(anonymous_13)
FNDA:1,(anonymous_14)
FNDA:1,(anonymous_15)
FNDA:1,(anonymous_16)
FNDA:3,(anonymous_17)
FNDA:1,(anonymous_18)
FNDA:1,(anonymous_19)
FNDA:1,(anonymous_20)
FNDA:1,(anonymous_21)
FNDA:1,(anonymous_22)
DA:16,4
DA:17,4
DA:18,4
DA:19,4
DA:24,4
DA:26,4
DA:67,1
DA:80,1
DA:109,1
DA:111,1
DA:116,1
DA:133,1
DA:142,1
DA:155,1
DA:175,1
DA:187,0
DA:189,0
DA:194,0
DA:223,1
DA:242,1
DA:269,1
DA:285,1
DA:320,3
DA:342,1
DA:354,1
DA:370,1
DA:381,1
DA:394,1
LF:28
LH:25
BRDA:19,0,0,4
BRDA:19,0,1,0
BRDA:21,1,0,0
BRDA:21,1,1,0
BRDA:24,2,0,4
BRDA:24,2,1,0
BRDA:28,3,0,1
BRDA:28,3,1,3
BRDA:38,4,0,3
BRDA:38,4,1,1
BRDA:40,5,0,1
BRDA:40,5,1,2
BRDA:71,6,0,0
BRDA:71,6,1,1
BRDA:72,7,0,0
BRDA:72,7,1,1
BRDA:77,8,0,0
BRDA:77,8,1,1
BRDA:83,9,0,0
BRDA:83,9,1,1
BRDA:90,10,0,0
BRDA:90,10,1,1
BRDA:94,11,0,1
BRDA:94,11,1,2
BRDA:105,12,0,0
BRDA:105,12,1,1
BRDA:113,13,0,1
BRDA:113,13,1,0
BRDA:114,14,0,0
BRDA:114,14,1,1
BRDA:118,15,0,1
BRDA:118,15,1,0
BRDA:121,16,0,1
BRDA:121,16,1,0
BRDA:128,17,0,1
BRDA:128,17,1,0
BRDA:130,18,0,1
BRDA:130,18,1,1
BRDA:146,19,0,0
BRDA:146,19,1,1
BRDA:146,20,0,1
BRDA:146,20,1,1
BRDA:147,21,0,0
BRDA:147,21,1,1
BRDA:150,22,0,1
BRDA:150,22,1,1
BRDA:152,23,0,0
BRDA:152,23,1,1
BRDA:158,24,0,0
BRDA:158,24,1,1
BRDA:165,25,0,0
BRDA:165,25,1,1
BRDA:170,26,0,1
BRDA:170,26,1,2
BRDA:175,27,0,0
BRDA:175,27,1,1
BRDA:179,28,0,1
BRDA:179,28,1,0
BRDA:182,29,0,0
BRDA:182,29,1,1
BRDA:184,30,0,0
BRDA:184,30,1,1
BRDA:184,31,0,1
BRDA:184,31,1,1
BRDA:191,32,0,0
BRDA:191,32,1,0
BRDA:192,33,0,0
BRDA:192,33,1,0
BRDA:196,34,0,0
BRDA:196,34,1,0
BRDA:199,35,0,0
BRDA:199,35,1,0
BRDA:206,36,0,1
BRDA:206,36,1,0
BRDA:208,37,0,1
BRDA:208,37,1,0
BRDA:220,38,0,1
BRDA:220,38,1,0
BRDA:226,39,0,0
BRDA:226,39,1,1
BRDA:237,40,0,1
BRDA:237,40,1,0
BRDA:245,41,0,0
BRDA:245,41,1,1
BRDA:246,42,0,0
BRDA:246,42,1,1
BRDA:252,43,0,0
BRDA:252,43,1,1
BRDA:255,44,0,0
BRDA:255,44,1,1
BRDA:266,45,0,1
BRDA:266,45,1,0
BRDA:283,46,0,1
BRDA:283,46,1,0
BRDA:288,47,0,0
BRDA:288,47,1,1
BRDA:303,48,0,0
BRDA:303,48,1,1
BRDA:313,49,0,1
BRDA:313,49,1,0
BRDA:331,50,0,0
BRDA:331,50,1,1
BRDA:332,51,0,0
BRDA:332,51,1,1
BRDA:337,52,0,0
BRDA:337,52,1,1
BRDA:365,53,0,1
BRDA:365,53,1,2
BRDA:374,54,0,0
BRDA:374,54,1,1
BRDA:385,55,0,0
BRDA:385,55,1,1
BRDA:392,56,0,1
BRDA:392,56,1,0
BRDA:397,57,0,0
BRDA:397,57,1,1
BRDA:404,58,0,0
BRDA:404,58,1,1
BRF:118
BRH:64
end_of_record
TN:
SF:components/screens/HomeScreen.tsx
FN:18,HomeScreen
FN:24,(anonymous_1)
FN:28,(anonymous_2)
FN:31,(anonymous_3)
FN:70,(anonymous_4)
FN:72,(anonymous_5)
FN:73,(anonymous_6)
FN:94,(anonymous_7)
FN:99,(anonymous_8)
FN:101,(anonymous_9)
FN:102,(anonymous_10)
FN:132,(anonymous_11)
FN:152,(anonymous_12)
FN:163,(anonymous_13)
FN:215,(anonymous_14)
FN:228,(anonymous_15)
FNF:16
FNH:5
FNDA:2,HomeScreen
FNDA:0,(anonymous_1)
FNDA:0,(anonymous_2)
FNDA:0,(anonymous_3)
FNDA:0,(anonymous_4)
FNDA:0,(anonymous_5)
FNDA:0,(anonymous_6)
FNDA:1,(anonymous_7)
FNDA:0,(anonymous_8)
FNDA:0,(anonymous_9)
FNDA:0,(anonymous_10)
FNDA:1,(anonymous_11)
FNDA:1,(anonymous_12)
FNDA:1,(anonymous_13)
FNDA:0,(anonymous_14)
FNDA:0,(anonymous_15)
DA:19,2
DA:20,2
DA:21,2
DA:22,2
DA:24,2
DA:25,0
DA:26,0
DA:27,0
DA:29,0
DA:32,0
DA:36,2
DA:70,0
DA:73,0
DA:74,0
DA:95,1
DA:99,0
DA:102,0
DA:103,0
DA:132,1
DA:152,1
DA:163,1
DA:215,0
DA:228,0
LF:23
LH:10
BRDA:38,0,0,1
BRDA:38,0,1,1
BRDA:56,1,0,0
BRDA:56,1,1,1
BRDA:65,2,0,1
BRDA:65,2,1,0
BRDA:66,3,0,1
BRDA:66,3,1,0
BRDA:71,4,0,1
BRDA:71,4,1,1
BRDA:93,5,0,1
BRDA:93,5,1,0
BRDA:100,6,0,1
BRDA:100,6,1,1
BRDA:116,7,0,1
BRDA:116,7,1,0
BRDA:118,8,0,1
BRDA:118,8,1,0
BRDA:129,9,0,1
BRDA:129,9,1,0
BRDA:135,10,0,0
BRDA:135,10,1,1
BRDA:156,11,0,0
BRDA:156,11,1,1
BRDA:167,12,0,0
BRDA:167,12,1,1
BRDA:175,13,0,1
BRDA:175,13,1,0
BRDA:204,14,0,0
BRDA:204,14,1,1
BRDA:213,15,0,1
BRDA:213,15,1,0
BRDA:214,16,0,1
BRDA:214,16,1,0
BRF:34
BRH:20
end_of_record
TN:
SF:components/screens/LibraryScreen.tsx
FN:17,LibraryScreen
FN:24,(anonymous_1)
FN:36,(anonymous_2)
FN:40,(anonymous_3)
FN:43,(anonymous_4)
FN:60,(anonymous_5)
FN:62,(anonymous_6)
FN:63,(anonymous_7)
FN:68,(anonymous_8)
FN:69,(anonymous_9)
FN:78,(anonymous_10)
FN:83,(anonymous_11)
FN:88,(anonymous_12)
FN:93,(anonymous_13)
FN:98,(anonymous_14)
FN:103,(anonymous_15)
FN:121,(anonymous_16)
FN:125,(anonymous_17)
FN:129,(anonymous_18)
FN:142,(anonymous_19)
FN:146,(anonymous_20)
FN:149,(anonymous_21)
FN:149,(anonymous_22)
FN:155,(anonymous_23)
FN:155,(anonymous_24)
FN:175,(anonymous_25)
FN:176,(anonymous_26)
FN:180,(anonymous_27)
FNF:28
FNH:9
FNDA:4,LibraryScreen
FNDA:4,(anonymous_1)
FNDA:0,(anonymous_2)
FNDA:0,(anonymous_3)
FNDA:0,(anonymous_4)
FNDA:0,(anonymous_5)
FNDA:0,(anonymous_6)
FNDA:0,(anonymous_7)
FNDA:0,(anonymous_8)
FNDA:0,(anonymous_9)
FNDA:3,(anonymous_10)
FNDA:0,(anonymous_11)
FNDA:3,(anonymous_12)
FNDA:1,(anonymous_13)
FNDA:3,(anonymous_14)
FNDA:1,(anonymous_15)
FNDA:3,(anonymous_16)
FNDA:0,(anonymous_17)
FNDA:0,(anonymous_18)
FNDA:0,(anonymous_19)
FNDA:0,(anonymous_20)
FNDA:0,(anonymous_21)
FNDA:0,(anonymous_22)
FNDA:0,(anonymous_23)
FNDA:0,(anonymous_24)
FNDA:1,(anonymous_25)
FNDA:0,(anonymous_26)
FNDA:0,(anonymous_27)
DA:18,4
DA:19,4
DA:20,4
DA:21,4
DA:22,4
DA:24,4
DA:25,4
DA:26,2
DA:29,2
DA:30,1
DA:33,1
DA:36,4
DA:37,0
DA:38,0
DA:39,0
DA:41,0
DA:44,0
DA:48,4
DA:60,0
DA:63,0
DA:64,0
DA:69,0
DA:70,0
DA:78,3
DA:83,0
DA:88,3
DA:93,1
DA:98,3
DA:103,1
DA:122,3
DA:125,0
DA:130,0
DA:143,0
DA:146,0
DA:149,0
DA:155,0
DA:176,1
DA:180,0
LF:38
LH:20
BRDA:25,0,0,2
BRDA:25,0,1,2
BRDA:29,1,0,1
BRDA:29,1,1,1
BRDA:50,2,0,3
BRDA:50,2,1,1
BRDA:53,3,0,0
BRDA:53,3,1,3
BRDA:54,4,0,0
BRDA:54,4,1,3
BRDA:55,5,0,3
BRDA:55,5,1,0
BRDA:61,6,0,3
BRDA:61,6,1,3
BRDA:67,7,0,3
BRDA:67,7,1,3
BRDA:80,8,0,1
BRDA:80,8,1,2
BRDA:81,9,0,0
BRDA:81,9,1,3
BRDA:85,10,0,1
BRDA:85,10,1,2
BRDA:90,11,0,1
BRDA:90,11,1,2
BRDA:91,12,0,0
BRDA:91,12,1,3
BRDA:95,13,0,1
BRDA:95,13,1,2
BRDA:100,14,0,1
BRDA:100,14,1,2
BRDA:101,15,0,0
BRDA:101,15,1,3
BRDA:105,16,0,1
BRDA:105,16,1,2
BRDA:111,17,0,0
BRDA:111,17,1,3
BRDA:111,18,0,3
BRDA:111,18,1,3
BRDA:113,19,0,0
BRDA:113,19,1,0
BRDA:115,20,0,0
BRDA:115,20,1,0
BRDA:127,21,0,0
BRDA:127,21,1,3
BRDA:127,22,0,3
BRDA:127,22,1,3
BRDA:134,23,0,1
BRDA:134,23,1,2
BRDA:135,24,0,1
BRDA:135,24,1,1
BRDA:135,25,0,0
BRDA:135,25,1,1
BRDA:136,26,0,2
BRDA:136,26,1,0
BRDA:136,27,0,2
BRDA:136,27,1,1
BRDA:137,28,0,2
BRDA:137,28,1,2
BRDA:141,29,0,1
BRDA:141,29,1,2
BRDA:145,30,0,0
BRDA:145,30,1,0
BRDA:148,31,0,2
BRDA:148,31,1,0
BRDA:148,32,0,2
BRDA:148,32,1,1
BRDA:152,33,0,1
BRDA:152,33,1,2
BRDA:152,34,0,1
BRDA:152,34,1,1
BRDA:154,35,0,1
BRDA:154,35,1,2
BRF:72
BRH:55
end_of_record
TN:
SF:components/screens/PickNextScreen.tsx
FN:20,PickNextScreen
FN:24,(anonymous_1)
FN:30,(anonymous_2)
FN:50,(anonymous_3)
FN:56,(anonymous_4)
FN:56,(anonymous_5)
FN:61,(anonymous_6)
FN:66,(anonymous_7)
FN:72,(anonymous_8)
FN:87,(anonymous_9)
FN:91,(anonymous_10)
FN:94,(anonymous_11)
FN:108,(anonymous_12)
FN:111,(anonymous_13)
FN:116,(anonymous_14)
FN:136,(anonymous_15)
FN:144,(anonymous_16)
FN:182,(anonymous_17)
FN:196,(anonymous_18)
FN:199,(anonymous_19)
FN:204,(anonymous_20)
FN:227,(anonymous_21)
FN:236,(anonymous_22)
FN:259,(anonymous_23)
FN:261,(anonymous_24)
FN:287,(anonymous_25)
FN:319,(anonymous_26)
FN:322,(anonymous_27)
FN:323,(anonymous_28)
FN:332,(anonymous_29)
FN:349,(anonymous_30)
FN:351,(anonymous_31)
FN:352,(anonymous_32)
FN:357,(anonymous_33)
FN:358,(anonymous_34)
FN:383,(anonymous_35)
FN:404,(anonymous_36)
FN:417,(anonymous_37)
FNF:38
FNH:21
FNDA:3,PickNextScreen
FNDA:2,(anonymous_1)
FNDA:1,(anonymous_2)
FNDA:1,(anonymous_3)
FNDA:0,(anonymous_4)
FNDA:0,(anonymous_5)
FNDA:1,(anonymous_6)
FNDA:0,(anonymous_7)
FNDA:0,(anonymous_8)
FNDA:0,(anonymous_9)
FNDA:0,(anonymous_10)
FNDA:0,(anonymous_11)
FNDA:9,(anonymous_12)
FNDA:9,(anonymous_13)
FNDA:2,(anonymous_14)
FNDA:1,(anonymous_15)
FNDA:1,(anonymous_16)
FNDA:1,(anonymous_17)
FNDA:1,(anonymous_18)
FNDA:1,(anonymous_19)
FNDA:1,(anonymous_20)
FNDA:0,(anonymous_21)
FNDA:0,(anonymous_22)
FNDA:0,(anonymous_23)
FNDA:0,(anonymous_24)
FNDA:3,(anonymous_25)
FNDA:2,(anonymous_26)
FNDA:2,(anonymous_27)
FNDA:1,(anonymous_28)
FNDA:1,(anonymous_29)
FNDA:0,(anonymous_30)
FNDA:0,(anonymous_31)
FNDA:0,(anonymous_32)
FNDA:0,(anonymous_33)
FNDA:0,(anonymous_34)
FNDA:1,(anonymous_35)
FNDA:1,(anonymous_36)
FNDA:0,(anonymous_37)
DA:21,3
DA:22,3
DA:23,3
DA:24,3
DA:25,2
DA:26,3
DA:30,3
DA:31,1
DA:50,1
DA:56,0
DA:61,1
DA:67,0
DA:72,0
DA:87,3
DA:88,0
DA:89,0
DA:90,0
DA:92,0
DA:95,0
DA:99,3
DA:109,9
DA:111,9
DA:116,2
DA:137,1
DA:144,1
DA:182,1
DA:197,1
DA:199,1
DA:204,1
DA:228,0
DA:237,0
DA:239,0
DA:260,0
DA:262,0
DA:288,3
DA:320,2
DA:322,2
DA:323,1
DA:332,1
DA:349,0
DA:352,0
DA:353,0
DA:358,0
DA:359,0
DA:383,1
DA:405,1
DA:417,0
LF:47
LH:28
BRDA:26,0,0,1
BRDA:26,0,1,2
BRDA:27,1,0,1
BRDA:27,1,1,1
BRDA:33,2,0,1
BRDA:33,2,1,0
BRDA:44,3,0,1
BRDA:44,3,1,0
BRDA:54,4,0,0
BRDA:54,4,1,1
BRDA:58,5,0,1
BRDA:58,5,1,1
BRDA:64,6,0,0
BRDA:64,6,1,1
BRDA:69,7,0,0
BRDA:69,7,1,0
BRDA:69,8,0,0
BRDA:69,8,1,0
BRDA:77,9,0,1
BRDA:77,9,1,1
BRDA:78,10,0,0
BRDA:78,10,1,1
BRDA:78,11,0,1
BRDA:78,11,1,1
BRDA:113,12,0,3
BRDA:113,12,1,6
BRDA:114,13,0,0
BRDA:114,13,1,9
BRDA:118,14,0,3
BRDA:118,14,1,6
BRDA:121,15,0,3
BRDA:121,15,1,6
BRDA:129,16,0,1
BRDA:129,16,1,2
BRDA:133,17,0,1
BRDA:133,17,1,0
BRDA:147,18,0,0
BRDA:147,18,1,1
BRDA:153,19,0,1
BRDA:153,19,1,0
BRDA:166,20,0,1
BRDA:166,20,1,2
BRDA:185,21,0,0
BRDA:185,21,1,1
BRDA:186,22,0,0
BRDA:186,22,1,1
BRDA:194,23,0,1
BRDA:194,23,1,0
BRDA:201,24,0,1
BRDA:201,24,1,0
BRDA:202,25,0,0
BRDA:202,25,1,1
BRDA:213,26,0,0
BRDA:213,26,1,1
BRDA:225,27,0,0
BRDA:225,27,1,1
BRDA:231,28,0,0
BRDA:231,28,1,0
BRDA:266,29,0,0
BRDA:266,29,1,0
BRDA:315,30,0,1
BRDA:315,30,1,0
BRDA:322,31,0,0
BRDA:322,31,1,2
BRDA:330,32,0,1
BRDA:330,32,1,0
BRDA:335,33,0,0
BRDA:335,33,1,1
BRDA:336,34,0,0
BRDA:336,34,1,1
BRDA:341,35,0,0
BRDA:341,35,1,1
BRDA:344,36,0,1
BRDA:344,36,1,0
BRDA:350,37,0,1
BRDA:350,37,1,1
BRDA:350,38,0,0
BRDA:350,38,1,1
BRDA:352,39,0,0
BRDA:352,39,1,0
BRDA:356,40,0,1
BRDA:356,40,1,1
BRDA:368,41,0,1
BRDA:368,41,1,2
BRDA:386,42,0,0
BRDA:386,42,1,1
BRDA:392,43,0,0
BRDA:392,43,1,1
BRDA:401,44,0,1
BRDA:401,44,1,0
BRDA:402,45,0,1
BRDA:402,45,1,0
BRDA:407,46,0,1
BRDA:407,46,1,0
BRF:94
BRH:55
end_of_record
TN:
SF:components/screens/ProfileScreen.tsx
FN:13,ProfileScreen
FN:65,(anonymous_1)
FN:73,(anonymous_2)
FNF:3
FNH:2
FNDA:2,ProfileScreen
FNDA:1,(anonymous_1)
FNDA:0,(anonymous_2)
DA:14,2
DA:15,1
DA:40,1
DA:65,1
DA:73,0
LF:5
LH:4
BRDA:14,0,0,1
BRDA:14,0,1,1
BRDA:54,1,0,0
BRDA:54,1,1,1
BRDA:56,2,0,1
BRDA:56,2,1,1
BRDA:58,3,0,0
BRDA:58,3,1,1
BRDA:64,4,0,0
BRDA:64,4,1,1
BRDA:67,5,0,0
BRDA:67,5,1,1
BRDA:72,6,0,1
BRDA:72,6,1,0
BRDA:75,7,0,1
BRDA:75,7,1,0
BRDA:81,8,0,1
BRDA:81,8,1,0
BRDA:112,9,0,0
BRDA:112,9,1,1
BRDA:117,10,0,0
BRDA:117,10,1,1
BRDA:117,11,0,1
BRDA:117,11,1,0
BRF:24
BRH:14
end_of_record
TN:
SF:components/screens/SearchScreen.tsx
FN:9,getBookLookupKey
FN:18,SearchScreen
FN:43,(anonymous_2)
FN:46,(anonymous_3)
FN:51,(anonymous_4)
FN:77,(anonymous_5)
FN:93,(anonymous_6)
FN:94,(anonymous_7)
FN:99,(anonymous_8)
FN:100,(anonymous_9)
FN:105,(anonymous_10)
FN:106,(anonymous_11)
FNF:12
FNH:5
FNDA:0,getBookLookupKey
FNDA:2,SearchScreen
FNDA:2,(anonymous_2)
FNDA:2,(anonymous_3)
FNDA:1,(anonymous_4)
FNDA:1,(anonymous_5)
FNDA:0,(anonymous_6)
FNDA:0,(anonymous_7)
FNDA:0,(anonymous_8)
FNDA:0,(anonymous_9)
FNDA:0,(anonymous_10)
FNDA:0,(anonymous_11)
DA:10,0
DA:19,2
DA:20,2
DA:24,2
DA:29,2
DA:44,2
DA:46,2
DA:51,1
DA:77,1
DA:94,0
DA:95,0
DA:100,0
DA:101,0
DA:106,0
DA:107,0
LF:15
LH:8
BRDA:20,0,0,1
BRDA:20,0,1,1
BRDA:21,1,0,1
BRDA:21,1,1,0
BRDA:24,2,0,1
BRDA:24,2,1,1
BRDA:25,3,0,1
BRDA:25,3,1,0
BRDA:48,4,0,1
BRDA:48,4,1,1
BRDA:49,5,0,0
BRDA:49,5,1,2
BRDA:60,6,0,0
BRDA:60,6,1,2
BRDA:72,7,0,1
BRDA:72,7,1,1
BRDA:79,8,0,0
BRDA:79,8,1,1
BRDA:90,9,0,1
BRDA:90,9,1,0
BRDA:92,10,0,1
BRDA:92,10,1,1
BRDA:98,11,0,1
BRDA:98,11,1,1
BRDA:104,12,0,1
BRDA:104,12,1,1
BRDA:104,13,0,1
BRDA:104,13,1,0
BRDA:106,14,0,0
BRDA:106,14,1,0
BRF:30
BRH:21
end_of_record
